[0.056s] DEBUG:colcon:Command line arguments: ['/usr/bin/colcon', 'build']
[0.056s] DEBUG:colcon:Parsed command line arguments: Namespace(log_base=None, log_level=None, verb_name='build', build_base='build', install_base='install', merge_install=False, symlink_install=False, test_result_base=None, continue_on_error=False, executor='parallel', parallel_workers=20, event_handlers=None, ignore_user_meta=False, metas=['./colcon.meta'], base_paths=['.'], packages_ignore=None, packages_ignore_regex=None, paths=None, packages_up_to=None, packages_up_to_regex=None, packages_above=None, packages_above_and_dependencies=None, packages_above_depth=None, packages_select_by_dep=None, packages_skip_by_dep=None, packages_skip_up_to=None, packages_select_build_failed=False, packages_skip_build_finished=False, packages_select_test_failures=False, packages_skip_test_passed=False, packages_select=None, packages_skip=None, packages_select_regex=None, packages_skip_regex=None, packages_start=None, packages_end=None, allow_overriding=[], cmake_args=None, cmake_target=None, cmake_target_skip_unavailable=False, cmake_clean_cache=False, cmake_clean_first=False, cmake_force_configure=False, ament_cmake_args=None, catkin_cmake_args=None, catkin_skip_building_tests=False, mixin_files=None, mixin=None, verb_parser=<colcon_mixin.mixin.mixin_argument.MixinArgumentDecorator object at 0x709ce62617e0>, verb_extension=<colcon_core.verb.build.BuildVerb object at 0x709ce63dae30>, main=<bound method BuildVerb.main of <colcon_core.verb.build.BuildVerb object at 0x709ce63dae30>>, mixin_verb=('build',))
[0.140s] Level 1:colcon.colcon_core.package_discovery:discover_packages(colcon_meta) check parameters
[0.140s] Level 1:colcon.colcon_core.package_discovery:discover_packages(recursive) check parameters
[0.140s] Level 1:colcon.colcon_core.package_discovery:discover_packages(ignore) check parameters
[0.140s] Level 1:colcon.colcon_core.package_discovery:discover_packages(path) check parameters
[0.140s] Level 1:colcon.colcon_core.package_discovery:discover_packages(colcon_meta) discover
[0.140s] Level 1:colcon.colcon_core.package_discovery:discover_packages(recursive) discover
[0.140s] INFO:colcon.colcon_core.package_discovery:Crawling recursively for packages in '/home/amirmahdi/Mothari_robotics/Robotic_prac2/robotic_course'
[0.140s] Level 1:colcon.colcon_core.package_identification:_identify(.) by extensions ['ignore', 'ignore_ament_install']
[0.140s] Level 1:colcon.colcon_core.package_identification:_identify(.) by extension 'ignore'
[0.140s] Level 1:colcon.colcon_core.package_identification:_identify(.) by extension 'ignore_ament_install'
[0.140s] Level 1:colcon.colcon_core.package_identification:_identify(.) by extensions ['colcon_pkg']
[0.140s] Level 1:colcon.colcon_core.package_identification:_identify(.) by extension 'colcon_pkg'
[0.140s] Level 1:colcon.colcon_core.package_identification:_identify(.) by extensions ['colcon_meta']
[0.140s] Level 1:colcon.colcon_core.package_identification:_identify(.) by extension 'colcon_meta'
[0.140s] Level 1:colcon.colcon_core.package_identification:_identify(.) by extensions ['ros']
[0.140s] Level 1:colcon.colcon_core.package_identification:_identify(.) by extension 'ros'
[0.146s] Level 1:colcon.colcon_core.package_identification:_identify(.) by extensions ['cmake', 'python']
[0.146s] Level 1:colcon.colcon_core.package_identification:_identify(.) by extension 'cmake'
[0.146s] Level 1:colcon.colcon_core.package_identification:_identify(.) by extension 'python'
[0.146s] Level 1:colcon.colcon_core.package_identification:_identify(.) by extensions ['python_setup_py']
[0.146s] Level 1:colcon.colcon_core.package_identification:_identify(.) by extension 'python_setup_py'
[0.146s] Level 1:colcon.colcon_core.package_identification:_identify(build) by extensions ['ignore', 'ignore_ament_install']
[0.147s] Level 1:colcon.colcon_core.package_identification:_identify(build) by extension 'ignore'
[0.147s] Level 1:colcon.colcon_core.package_identification:_identify(build) ignored
[0.147s] Level 1:colcon.colcon_core.package_identification:_identify(install) by extensions ['ignore', 'ignore_ament_install']
[0.147s] Level 1:colcon.colcon_core.package_identification:_identify(install) by extension 'ignore'
[0.147s] Level 1:colcon.colcon_core.package_identification:_identify(install) ignored
[0.147s] Level 1:colcon.colcon_core.package_identification:_identify(log) by extensions ['ignore', 'ignore_ament_install']
[0.147s] Level 1:colcon.colcon_core.package_identification:_identify(log) by extension 'ignore'
[0.147s] Level 1:colcon.colcon_core.package_identification:_identify(log) ignored
[0.147s] Level 1:colcon.colcon_core.package_identification:_identify(robot_description) by extensions ['ignore', 'ignore_ament_install']
[0.147s] Level 1:colcon.colcon_core.package_identification:_identify(robot_description) by extension 'ignore'
[0.147s] Level 1:colcon.colcon_core.package_identification:_identify(robot_description) by extension 'ignore_ament_install'
[0.147s] Level 1:colcon.colcon_core.package_identification:_identify(robot_description) by extensions ['colcon_pkg']
[0.147s] Level 1:colcon.colcon_core.package_identification:_identify(robot_description) by extension 'colcon_pkg'
[0.147s] Level 1:colcon.colcon_core.package_identification:_identify(robot_description) by extensions ['colcon_meta']
[0.147s] Level 1:colcon.colcon_core.package_identification:_identify(robot_description) by extension 'colcon_meta'
[0.147s] Level 1:colcon.colcon_core.package_identification:_identify(robot_description) by extensions ['ros']
[0.147s] Level 1:colcon.colcon_core.package_identification:_identify(robot_description) by extension 'ros'
[0.149s] DEBUG:colcon.colcon_core.package_identification:Package 'robot_description' with type 'ros.ament_cmake' and name 'robot_description'
[0.149s] Level 1:colcon.colcon_core.package_discovery:discover_packages(recursive) using defaults
[0.149s] Level 1:colcon.colcon_core.package_discovery:discover_packages(ignore) discover
[0.149s] Level 1:colcon.colcon_core.package_discovery:discover_packages(ignore) using defaults
[0.149s] Level 1:colcon.colcon_core.package_discovery:discover_packages(path) discover
[0.149s] Level 1:colcon.colcon_core.package_discovery:discover_packages(path) using defaults
[0.166s] Level 1:colcon.colcon_core.package_discovery:discover_packages(prefix_path) check parameters
[0.166s] Level 1:colcon.colcon_core.package_discovery:discover_packages(prefix_path) discover
[0.166s] WARNING:colcon.colcon_ros.prefix_path.ament:The path '/home/amirmahdi/Mothari_robotics/Robotic_prac2/robotic_course/install/robot_description' in the environment variable AMENT_PREFIX_PATH doesn't exist
[0.166s] WARNING:colcon.colcon_ros.prefix_path.catkin:The path '/home/amirmahdi/Mothari_robotics/Robotic_prac2/robotic_course/install/robot_description' in the environment variable CMAKE_PREFIX_PATH doesn't exist
[0.167s] DEBUG:colcon.colcon_installed_package_information.package_discovery:Found 0 installed packages in /home/amirmahdi/Mothari_robotics/Robotic_prac2/robotic_course/install
[0.167s] DEBUG:colcon.colcon_installed_package_information.package_discovery:Found 356 installed packages in /opt/ros/humble
[0.168s] Level 1:colcon.colcon_core.package_discovery:discover_packages(prefix_path) using defaults
[0.190s] Level 5:colcon.colcon_core.verb:set package 'robot_description' build argument 'cmake_args' from command line to 'None'
[0.190s] Level 5:colcon.colcon_core.verb:set package 'robot_description' build argument 'cmake_target' from command line to 'None'
[0.190s] Level 5:colcon.colcon_core.verb:set package 'robot_description' build argument 'cmake_target_skip_unavailable' from command line to 'False'
[0.190s] Level 5:colcon.colcon_core.verb:set package 'robot_description' build argument 'cmake_clean_cache' from command line to 'False'
[0.190s] Level 5:colcon.colcon_core.verb:set package 'robot_description' build argument 'cmake_clean_first' from command line to 'False'
[0.190s] Level 5:colcon.colcon_core.verb:set package 'robot_description' build argument 'cmake_force_configure' from command line to 'False'
[0.190s] Level 5:colcon.colcon_core.verb:set package 'robot_description' build argument 'ament_cmake_args' from command line to 'None'
[0.190s] Level 5:colcon.colcon_core.verb:set package 'robot_description' build argument 'catkin_cmake_args' from command line to 'None'
[0.190s] Level 5:colcon.colcon_core.verb:set package 'robot_description' build argument 'catkin_skip_building_tests' from command line to 'False'
[0.190s] DEBUG:colcon.colcon_core.verb:Building package 'robot_description' with the following arguments: {'ament_cmake_args': None, 'build_base': '/home/amirmahdi/Mothari_robotics/Robotic_prac2/robotic_course/build/robot_description', 'catkin_cmake_args': None, 'catkin_skip_building_tests': False, 'cmake_args': None, 'cmake_clean_cache': False, 'cmake_clean_first': False, 'cmake_force_configure': False, 'cmake_target': None, 'cmake_target_skip_unavailable': False, 'install_base': '/home/amirmahdi/Mothari_robotics/Robotic_prac2/robotic_course/install/robot_description', 'merge_install': False, 'path': '/home/amirmahdi/Mothari_robotics/Robotic_prac2/robotic_course/robot_description', 'symlink_install': False, 'test_result_base': None}
[0.190s] INFO:colcon.colcon_core.executor:Executing jobs using 'parallel' executor
[0.191s] DEBUG:colcon.colcon_parallel_executor.executor.parallel:run_until_complete
[0.191s] INFO:colcon.colcon_ros.task.ament_cmake.build:Building ROS package in '/home/amirmahdi/Mothari_robotics/Robotic_prac2/robotic_course/robot_description' with build type 'ament_cmake'
[0.191s] INFO:colcon.colcon_cmake.task.cmake.build:Building CMake package in '/home/amirmahdi/Mothari_robotics/Robotic_prac2/robotic_course/robot_description'
[0.192s] INFO:colcon.colcon_core.plugin_system:Skipping extension 'colcon_core.shell.bat': Not used on non-Windows systems
[0.192s] INFO:colcon.colcon_core.shell:Skip shell extension 'powershell' for command environment: Not usable outside of PowerShell
[0.192s] DEBUG:colcon.colcon_core.shell:Skip shell extension 'dsv' for command environment
[0.198s] DEBUG:colcon.colcon_core.event_handler.log_command:Invoking command in '/home/amirmahdi/Mothari_robotics/Robotic_prac2/robotic_course/build/robot_description': CMAKE_PREFIX_PATH=${CMAKE_PREFIX_PATH}:/opt/ros/humble /usr/bin/cmake /home/amirmahdi/Mothari_robotics/Robotic_prac2/robotic_course/robot_description -DCMAKE_INSTALL_PREFIX=/home/amirmahdi/Mothari_robotics/Robotic_prac2/robotic_course/install/robot_description
[1.052s] DEBUG:colcon.colcon_core.event_handler.log_command:Invoked command in '/home/amirmahdi/Mothari_robotics/Robotic_prac2/robotic_course/build/robot_description' returned '0': CMAKE_PREFIX_PATH=${CMAKE_PREFIX_PATH}:/opt/ros/humble /usr/bin/cmake /home/amirmahdi/Mothari_robotics/Robotic_prac2/robotic_course/robot_description -DCMAKE_INSTALL_PREFIX=/home/amirmahdi/Mothari_robotics/Robotic_prac2/robotic_course/install/robot_description
[1.052s] DEBUG:colcon.colcon_core.event_handler.log_command:Invoking command in '/home/amirmahdi/Mothari_robotics/Robotic_prac2/robotic_course/build/robot_description': CMAKE_PREFIX_PATH=${CMAKE_PREFIX_PATH}:/opt/ros/humble /usr/bin/cmake --build /home/amirmahdi/Mothari_robotics/Robotic_prac2/robotic_course/build/robot_description -- -j20 -l20
[9.394s] DEBUG:colcon.colcon_core.event_handler.log_command:Invoked command in '/home/amirmahdi/Mothari_robotics/Robotic_prac2/robotic_course/build/robot_description' returned '0': CMAKE_PREFIX_PATH=${CMAKE_PREFIX_PATH}:/opt/ros/humble /usr/bin/cmake --build /home/amirmahdi/Mothari_robotics/Robotic_prac2/robotic_course/build/robot_description -- -j20 -l20
[9.400s] DEBUG:colcon.colcon_core.event_handler.log_command:Invoking command in '/home/amirmahdi/Mothari_robotics/Robotic_prac2/robotic_course/build/robot_description': CMAKE_PREFIX_PATH=${CMAKE_PREFIX_PATH}:/opt/ros/humble /usr/bin/cmake --install /home/amirmahdi/Mothari_robotics/Robotic_prac2/robotic_course/build/robot_description
[9.429s] Level 1:colcon.colcon_core.environment:create_environment_scripts_only(robot_description)
[9.429s] DEBUG:colcon.colcon_core.event_handler.log_command:Invoked command in '/home/amirmahdi/Mothari_robotics/Robotic_prac2/robotic_course/build/robot_description' returned '0': CMAKE_PREFIX_PATH=${CMAKE_PREFIX_PATH}:/opt/ros/humble /usr/bin/cmake --install /home/amirmahdi/Mothari_robotics/Robotic_prac2/robotic_course/build/robot_description
[9.430s] Level 1:colcon.colcon_core.environment:checking '/home/amirmahdi/Mothari_robotics/Robotic_prac2/robotic_course/install/robot_description' for CMake module files
[9.431s] Level 1:colcon.colcon_core.environment:checking '/home/amirmahdi/Mothari_robotics/Robotic_prac2/robotic_course/install/robot_description' for CMake config files
[9.431s] Level 1:colcon.colcon_core.shell:create_environment_hook('robot_description', 'cmake_prefix_path')
[9.431s] INFO:colcon.colcon_core.shell:Creating environment hook '/home/amirmahdi/Mothari_robotics/Robotic_prac2/robotic_course/install/robot_description/share/robot_description/hook/cmake_prefix_path.ps1'
[9.431s] INFO:colcon.colcon_core.shell:Creating environment descriptor '/home/amirmahdi/Mothari_robotics/Robotic_prac2/robotic_course/install/robot_description/share/robot_description/hook/cmake_prefix_path.dsv'
[9.432s] INFO:colcon.colcon_core.shell:Creating environment hook '/home/amirmahdi/Mothari_robotics/Robotic_prac2/robotic_course/install/robot_description/share/robot_description/hook/cmake_prefix_path.sh'
[9.432s] Level 1:colcon.colcon_core.environment:checking '/home/amirmahdi/Mothari_robotics/Robotic_prac2/robotic_course/install/robot_description/lib'
[9.432s] Level 1:colcon.colcon_core.environment:checking '/home/amirmahdi/Mothari_robotics/Robotic_prac2/robotic_course/install/robot_description/bin'
[9.432s] Level 1:colcon.colcon_core.environment:checking '/home/amirmahdi/Mothari_robotics/Robotic_prac2/robotic_course/install/robot_description/lib/pkgconfig/robot_description.pc'
[9.432s] Level 1:colcon.colcon_core.environment:checking '/home/amirmahdi/Mothari_robotics/Robotic_prac2/robotic_course/install/robot_description/lib/python3.10/site-packages'
[9.433s] Level 1:colcon.colcon_core.environment:checking '/home/amirmahdi/Mothari_robotics/Robotic_prac2/robotic_course/install/robot_description/bin'
[9.433s] INFO:colcon.colcon_core.shell:Creating package script '/home/amirmahdi/Mothari_robotics/Robotic_prac2/robotic_course/install/robot_description/share/robot_description/package.ps1'
[9.433s] INFO:colcon.colcon_core.shell:Creating package descriptor '/home/amirmahdi/Mothari_robotics/Robotic_prac2/robotic_course/install/robot_description/share/robot_description/package.dsv'
[9.433s] INFO:colcon.colcon_core.shell:Creating package script '/home/amirmahdi/Mothari_robotics/Robotic_prac2/robotic_course/install/robot_description/share/robot_description/package.sh'
[9.434s] INFO:colcon.colcon_core.shell:Creating package script '/home/amirmahdi/Mothari_robotics/Robotic_prac2/robotic_course/install/robot_description/share/robot_description/package.bash'
[9.434s] INFO:colcon.colcon_core.shell:Creating package script '/home/amirmahdi/Mothari_robotics/Robotic_prac2/robotic_course/install/robot_description/share/robot_description/package.zsh'
[9.434s] Level 1:colcon.colcon_core.environment:create_file_with_runtime_dependencies(/home/amirmahdi/Mothari_robotics/Robotic_prac2/robotic_course/install/robot_description/share/colcon-core/packages/robot_description)
[9.435s] Level 1:colcon.colcon_core.environment:create_environment_scripts_only(robot_description)
[9.435s] Level 1:colcon.colcon_core.environment:checking '/home/amirmahdi/Mothari_robotics/Robotic_prac2/robotic_course/install/robot_description' for CMake module files
[9.435s] Level 1:colcon.colcon_core.environment:checking '/home/amirmahdi/Mothari_robotics/Robotic_prac2/robotic_course/install/robot_description' for CMake config files
[9.435s] Level 1:colcon.colcon_core.shell:create_environment_hook('robot_description', 'cmake_prefix_path')
[9.435s] INFO:colcon.colcon_core.shell:Creating environment hook '/home/amirmahdi/Mothari_robotics/Robotic_prac2/robotic_course/install/robot_description/share/robot_description/hook/cmake_prefix_path.ps1'
[9.435s] INFO:colcon.colcon_core.shell:Creating environment descriptor '/home/amirmahdi/Mothari_robotics/Robotic_prac2/robotic_course/install/robot_description/share/robot_description/hook/cmake_prefix_path.dsv'
[9.435s] INFO:colcon.colcon_core.shell:Creating environment hook '/home/amirmahdi/Mothari_robotics/Robotic_prac2/robotic_course/install/robot_description/share/robot_description/hook/cmake_prefix_path.sh'
[9.436s] Level 1:colcon.colcon_core.environment:checking '/home/amirmahdi/Mothari_robotics/Robotic_prac2/robotic_course/install/robot_description/lib'
[9.436s] Level 1:colcon.colcon_core.environment:checking '/home/amirmahdi/Mothari_robotics/Robotic_prac2/robotic_course/install/robot_description/bin'
[9.436s] Level 1:colcon.colcon_core.environment:checking '/home/amirmahdi/Mothari_robotics/Robotic_prac2/robotic_course/install/robot_description/lib/pkgconfig/robot_description.pc'
[9.436s] Level 1:colcon.colcon_core.environment:checking '/home/amirmahdi/Mothari_robotics/Robotic_prac2/robotic_course/install/robot_description/lib/python3.10/site-packages'
[9.436s] Level 1:colcon.colcon_core.environment:checking '/home/amirmahdi/Mothari_robotics/Robotic_prac2/robotic_course/install/robot_description/bin'
[9.436s] INFO:colcon.colcon_core.shell:Creating package script '/home/amirmahdi/Mothari_robotics/Robotic_prac2/robotic_course/install/robot_description/share/robot_description/package.ps1'
[9.436s] INFO:colcon.colcon_core.shell:Creating package descriptor '/home/amirmahdi/Mothari_robotics/Robotic_prac2/robotic_course/install/robot_description/share/robot_description/package.dsv'
[9.437s] INFO:colcon.colcon_core.shell:Creating package script '/home/amirmahdi/Mothari_robotics/Robotic_prac2/robotic_course/install/robot_description/share/robot_description/package.sh'
[9.437s] INFO:colcon.colcon_core.shell:Creating package script '/home/amirmahdi/Mothari_robotics/Robotic_prac2/robotic_course/install/robot_description/share/robot_description/package.bash'
[9.437s] INFO:colcon.colcon_core.shell:Creating package script '/home/amirmahdi/Mothari_robotics/Robotic_prac2/robotic_course/install/robot_description/share/robot_description/package.zsh'
[9.437s] Level 1:colcon.colcon_core.environment:create_file_with_runtime_dependencies(/home/amirmahdi/Mothari_robotics/Robotic_prac2/robotic_course/install/robot_description/share/colcon-core/packages/robot_description)
[9.437s] DEBUG:colcon.colcon_parallel_executor.executor.parallel:closing loop
[9.437s] DEBUG:colcon.colcon_parallel_executor.executor.parallel:loop closed
[9.437s] DEBUG:colcon.colcon_parallel_executor.executor.parallel:run_until_complete finished with '0'
[9.437s] DEBUG:colcon.colcon_core.event_reactor:joining thread
[9.440s] INFO:colcon.colcon_core.plugin_system:Skipping extension 'colcon_notification.desktop_notification.terminal_notifier': Not used on non-Darwin systems
[9.440s] INFO:colcon.colcon_core.plugin_system:Skipping extension 'colcon_notification.desktop_notification.win32': Not used on non-Windows systems
[9.440s] INFO:colcon.colcon_notification.desktop_notification:Sending desktop notification using 'notify2'
[9.448s] DEBUG:colcon.colcon_core.event_reactor:joined thread
[9.448s] INFO:colcon.colcon_core.shell:Creating prefix script '/home/amirmahdi/Mothari_robotics/Robotic_prac2/robotic_course/install/local_setup.ps1'
[9.448s] INFO:colcon.colcon_core.shell:Creating prefix util module '/home/amirmahdi/Mothari_robotics/Robotic_prac2/robotic_course/install/_local_setup_util_ps1.py'
[9.449s] INFO:colcon.colcon_core.shell:Creating prefix chain script '/home/amirmahdi/Mothari_robotics/Robotic_prac2/robotic_course/install/setup.ps1'
[9.450s] INFO:colcon.colcon_core.shell:Creating prefix script '/home/amirmahdi/Mothari_robotics/Robotic_prac2/robotic_course/install/local_setup.sh'
[9.450s] INFO:colcon.colcon_core.shell:Creating prefix util module '/home/amirmahdi/Mothari_robotics/Robotic_prac2/robotic_course/install/_local_setup_util_sh.py'
[9.450s] INFO:colcon.colcon_core.shell:Creating prefix chain script '/home/amirmahdi/Mothari_robotics/Robotic_prac2/robotic_course/install/setup.sh'
[9.450s] INFO:colcon.colcon_core.shell:Creating prefix script '/home/amirmahdi/Mothari_robotics/Robotic_prac2/robotic_course/install/local_setup.bash'
[9.451s] INFO:colcon.colcon_core.shell:Creating prefix chain script '/home/amirmahdi/Mothari_robotics/Robotic_prac2/robotic_course/install/setup.bash'
[9.451s] INFO:colcon.colcon_core.shell:Creating prefix script '/home/amirmahdi/Mothari_robotics/Robotic_prac2/robotic_course/install/local_setup.zsh'
[9.452s] INFO:colcon.colcon_core.shell:Creating prefix chain script '/home/amirmahdi/Mothari_robotics/Robotic_prac2/robotic_course/install/setup.zsh'
