[0.018s] Invoking command in '/home/amirmahdi/Mothari_robotics/Robotic_prac2/robotic_course/build/robot_description': CMAKE_PREFIX_PATH=${CMAKE_PREFIX_PATH}:/home/amirmahdi/Mothari_robotics/Robotic_prac2/robotic_course/install/robot_local_localization:/opt/ros/humble /usr/bin/cmake /home/amirmahdi/Mothari_robotics/Robotic_prac2/robotic_course/robot_description -DCMAKE_INSTALL_PREFIX=/home/amirmahdi/Mothari_robotics/Robotic_prac2/robotic_course/install/robot_description
[0.076s] -- The C compiler identification is GNU 11.4.0
[0.128s] -- The CXX compiler identification is GNU 11.4.0
[0.134s] -- Detecting C compiler ABI info
[0.193s] -- Detecting C compiler ABI info - done
[0.199s] -- Check for working C compiler: /usr/bin/cc - skipped
[0.200s] -- Detecting C compile features
[0.200s] -- Detecting C compile features - done
[0.204s] -- Detecting CXX compiler ABI info
[0.281s] -- Detecting CXX compiler ABI info - done
[0.288s] -- Check for working CXX compiler: /usr/bin/c++ - skipped
[0.288s] -- Detecting CXX compile features
[0.288s] -- Detecting CXX compile features - done
[0.290s] -- Found ament_cmake: 1.3.12 (/opt/ros/humble/share/ament_cmake/cmake)
[0.449s] -- Found Python3: /usr/bin/python3 (found version "3.10.12") found components: Interpreter 
[0.528s] -- Found rclcpp: 16.0.15 (/opt/ros/humble/share/rclcpp/cmake)
[0.561s] -- Found rosidl_generator_c: 3.1.7 (/opt/ros/humble/share/rosidl_generator_c/cmake)
[0.565s] -- Found rosidl_adapter: 3.1.7 (/opt/ros/humble/share/rosidl_adapter/cmake)
[0.570s] -- Found rosidl_generator_cpp: 3.1.7 (/opt/ros/humble/share/rosidl_generator_cpp/cmake)
[0.579s] -- Using all available rosidl_typesupport_c: rosidl_typesupport_fastrtps_c;rosidl_typesupport_introspection_c
[0.591s] -- Using all available rosidl_typesupport_cpp: rosidl_typesupport_fastrtps_cpp;rosidl_typesupport_introspection_cpp
[0.623s] -- Found rmw_implementation_cmake: 6.1.2 (/opt/ros/humble/share/rmw_implementation_cmake/cmake)
[0.625s] -- Found rmw_fastrtps_cpp: 6.2.8 (/opt/ros/humble/share/rmw_fastrtps_cpp/cmake)
[0.704s] -- Found OpenSSL: /usr/lib/x86_64-linux-gnu/libcrypto.so (found version "3.0.2")  
[0.735s] -- Found FastRTPS: /opt/ros/humble/include  
[0.767s] -- Using RMW implementation 'rmw_fastrtps_cpp' as default
[0.773s] -- Looking for pthread.h
[0.839s] -- Looking for pthread.h - found
[0.839s] -- Performing Test CMAKE_HAVE_LIBC_PTHREAD
[0.899s] -- Performing Test CMAKE_HAVE_LIBC_PTHREAD - Success
[0.900s] -- Found Threads: TRUE  
[0.940s] -- Found sensor_msgs: 4.9.0 (/opt/ros/humble/share/sensor_msgs/cmake)
[0.962s] -- Found nav_msgs: 4.9.0 (/opt/ros/humble/share/nav_msgs/cmake)
[0.976s] -- Found std_srvs: 4.9.0 (/opt/ros/humble/share/std_srvs/cmake)
[0.983s] -- Found tf2: 0.25.16 (/opt/ros/humble/share/tf2/cmake)
[0.995s] -- Found tf2_ros: 0.25.16 (/opt/ros/humble/share/tf2_ros/cmake)
[1.067s] -- Found ament_lint_auto: 0.12.14 (/opt/ros/humble/share/ament_lint_auto/cmake)
[1.135s] -- Added test 'cppcheck' to perform static code analysis on C / C++ code
[1.136s] -- Configured cppcheck include dirs: 
[1.136s] -- Configured cppcheck exclude dirs and/or files: 
[1.136s] -- Added test 'flake8' to check Python code syntax and style conventions
[1.137s] -- Added test 'lint_cmake' to check CMake code style
[1.137s] -- Added test 'pep257' to check Python code against some of the docstring style conventions in PEP 257
[1.138s] -- Added test 'uncrustify' to check C / C++ code style
[1.138s] -- Configured uncrustify additional arguments: 
[1.139s] -- Added test 'xmllint' to check XML markup files
[1.139s] -- Configuring done
[1.155s] -- Generating done
[1.162s] -- Build files have been written to: /home/amirmahdi/Mothari_robotics/Robotic_prac2/robotic_course/build/robot_description
[1.174s] Invoked command in '/home/amirmahdi/Mothari_robotics/Robotic_prac2/robotic_course/build/robot_description' returned '0': CMAKE_PREFIX_PATH=${CMAKE_PREFIX_PATH}:/home/amirmahdi/Mothari_robotics/Robotic_prac2/robotic_course/install/robot_local_localization:/opt/ros/humble /usr/bin/cmake /home/amirmahdi/Mothari_robotics/Robotic_prac2/robotic_course/robot_description -DCMAKE_INSTALL_PREFIX=/home/amirmahdi/Mothari_robotics/Robotic_prac2/robotic_course/install/robot_description
[1.176s] Invoking command in '/home/amirmahdi/Mothari_robotics/Robotic_prac2/robotic_course/build/robot_description': CMAKE_PREFIX_PATH=${CMAKE_PREFIX_PATH}:/home/amirmahdi/Mothari_robotics/Robotic_prac2/robotic_course/install/robot_local_localization:/opt/ros/humble /usr/bin/cmake --build /home/amirmahdi/Mothari_robotics/Robotic_prac2/robotic_course/build/robot_description -- -j20 -l20
[1.226s] [ 25%] [32mBuilding CXX object CMakeFiles/frame_id_converter_node.dir/scripts/frame_id_converter.cpp.o[0m
[1.226s] [ 25%] [32mBuilding CXX object CMakeFiles/motor_command_node.dir/scripts/motor_command.cpp.o[0m
[1.226s] [ 37%] [32mBuilding CXX object CMakeFiles/cmd_vel_to_motor_rpm_node.dir/scripts/cmd_vel_to_motor_rpm.cpp.o[0m
[1.227s] [ 50%] [32mBuilding CXX object CMakeFiles/ekf_diff_imu_node.dir/scripts/ekf_diff_imu.cpp.o[0m
[7.904s] [ 75%] [32m[1mLinking CXX executable motor_command_node[0m
[7.904s] [ 75%] [32m[1mLinking CXX executable frame_id_converter_node[0m
[8.004s] [ 87%] [32m[1mLinking CXX executable cmd_vel_to_motor_rpm_node[0m
[8.255s] [ 87%] Built target motor_command_node
[8.266s] [ 87%] Built target frame_id_converter_node
[8.336s] [ 87%] Built target cmd_vel_to_motor_rpm_node
[12.375s] [100%] [32m[1mLinking CXX executable ekf_diff_imu_node[0m
[12.904s] [100%] Built target ekf_diff_imu_node
[12.916s] Invoked command in '/home/amirmahdi/Mothari_robotics/Robotic_prac2/robotic_course/build/robot_description' returned '0': CMAKE_PREFIX_PATH=${CMAKE_PREFIX_PATH}:/home/amirmahdi/Mothari_robotics/Robotic_prac2/robotic_course/install/robot_local_localization:/opt/ros/humble /usr/bin/cmake --build /home/amirmahdi/Mothari_robotics/Robotic_prac2/robotic_course/build/robot_description -- -j20 -l20
[12.923s] Invoking command in '/home/amirmahdi/Mothari_robotics/Robotic_prac2/robotic_course/build/robot_description': CMAKE_PREFIX_PATH=${CMAKE_PREFIX_PATH}:/home/amirmahdi/Mothari_robotics/Robotic_prac2/robotic_course/install/robot_local_localization:/opt/ros/humble /usr/bin/cmake --install /home/amirmahdi/Mothari_robotics/Robotic_prac2/robotic_course/build/robot_description
[12.931s] -- Install configuration: ""
[12.931s] -- Installing: /home/amirmahdi/Mothari_robotics/Robotic_prac2/robotic_course/install/robot_description/share/robot_description/src
[12.931s] -- Installing: /home/amirmahdi/Mothari_robotics/Robotic_prac2/robotic_course/install/robot_description/share/robot_description/src/robot_autonomy
[12.931s] -- Installing: /home/amirmahdi/Mothari_robotics/Robotic_prac2/robotic_course/install/robot_description/share/robot_description/src/description
[12.931s] -- Installing: /home/amirmahdi/Mothari_robotics/Robotic_prac2/robotic_course/install/robot_description/share/robot_description/src/description/robot.urdf
[12.931s] -- Installing: /home/amirmahdi/Mothari_robotics/Robotic_prac2/robotic_course/install/robot_description/share/robot_description/src/meshes
[12.931s] -- Installing: /home/amirmahdi/Mothari_robotics/Robotic_prac2/robotic_course/install/robot_description/share/robot_description/src/meshes/wheel.usd
[12.932s] -- Installing: /home/amirmahdi/Mothari_robotics/Robotic_prac2/robotic_course/install/robot_description/share/robot_description/src/meshes/wheel.STL
[12.932s] -- Installing: /home/amirmahdi/Mothari_robotics/Robotic_prac2/robotic_course/install/robot_description/share/robot_description/src/meshes/chasis.STL
[12.948s] -- Installing: /home/amirmahdi/Mothari_robotics/Robotic_prac2/robotic_course/install/robot_description/share/robot_description/src/meshes/zed.STL
[12.948s] -- Installing: /home/amirmahdi/Mothari_robotics/Robotic_prac2/robotic_course/install/robot_description/share/robot_description/src/meshes/Rear_Right_Caster_Wheel_Main.STL
[12.948s] -- Installing: /home/amirmahdi/Mothari_robotics/Robotic_prac2/robotic_course/install/robot_description/share/robot_description/src/meshes/Front_Right_Caster_Wheel_Main.STL
[12.948s] -- Installing: /home/amirmahdi/Mothari_robotics/Robotic_prac2/robotic_course/install/robot_description/share/robot_description/src/meshes/Front_Left_Caster_Wheel_Main.STL
[12.949s] -- Installing: /home/amirmahdi/Mothari_robotics/Robotic_prac2/robotic_course/install/robot_description/share/robot_description/src/meshes/Rear_Left_Caster_Wheel_Main.STL
[12.949s] -- Installing: /home/amirmahdi/Mothari_robotics/Robotic_prac2/robotic_course/install/robot_description/share/robot_description/src/meshes/Rear_Trailing.STL
[12.951s] -- Installing: /home/amirmahdi/Mothari_robotics/Robotic_prac2/robotic_course/install/robot_description/share/robot_description/launch
[12.951s] -- Installing: /home/amirmahdi/Mothari_robotics/Robotic_prac2/robotic_course/install/robot_description/share/robot_description/launch/display.launch.py
[12.951s] -- Installing: /home/amirmahdi/Mothari_robotics/Robotic_prac2/robotic_course/install/robot_description/share/robot_description/launch/gazebo.launch.py
[12.951s] -- Installing: /home/amirmahdi/Mothari_robotics/Robotic_prac2/robotic_course/install/robot_description/share/robot_description/rviz
[12.951s] -- Installing: /home/amirmahdi/Mothari_robotics/Robotic_prac2/robotic_course/install/robot_description/share/robot_description/rviz/config.rviz
[12.951s] -- Installing: /home/amirmahdi/Mothari_robotics/Robotic_prac2/robotic_course/install/robot_description/share/robot_description/config
[12.952s] -- Installing: /home/amirmahdi/Mothari_robotics/Robotic_prac2/robotic_course/install/robot_description/share/robot_description/config/gz_bridge.yaml
[12.952s] -- Installing: /home/amirmahdi/Mothari_robotics/Robotic_prac2/robotic_course/install/robot_description/share/robot_description/config/rtabmap_slam.yaml
[12.952s] -- Installing: /home/amirmahdi/Mothari_robotics/Robotic_prac2/robotic_course/install/robot_description/share/robot_description/world
[12.952s] -- Installing: /home/amirmahdi/Mothari_robotics/Robotic_prac2/robotic_course/install/robot_description/share/robot_description/world/depot.sdf
[12.952s] -- Installing: /home/amirmahdi/Mothari_robotics/Robotic_prac2/robotic_course/install/robot_description/share/robot_description/world/test.sdf
[12.952s] -- Installing: /home/amirmahdi/Mothari_robotics/Robotic_prac2/robotic_course/install/robot_description/share/robot_description/scripts
[12.952s] -- Installing: /home/amirmahdi/Mothari_robotics/Robotic_prac2/robotic_course/install/robot_description/share/robot_description/scripts/cmd_vel_to_motor_rpm.cpp
[12.952s] -- Installing: /home/amirmahdi/Mothari_robotics/Robotic_prac2/robotic_course/install/robot_description/share/robot_description/scripts/motor_command.cpp
[12.952s] -- Installing: /home/amirmahdi/Mothari_robotics/Robotic_prac2/robotic_course/install/robot_description/share/robot_description/scripts/ekf_diff_imu.cpp
[12.952s] -- Installing: /home/amirmahdi/Mothari_robotics/Robotic_prac2/robotic_course/install/robot_description/share/robot_description/scripts/frame_id_converter.cpp
[12.952s] -- Installing: /home/amirmahdi/Mothari_robotics/Robotic_prac2/robotic_course/install/robot_description/lib/robot_description/frame_id_converter_node
[12.955s] -- Set runtime path of "/home/amirmahdi/Mothari_robotics/Robotic_prac2/robotic_course/install/robot_description/lib/robot_description/frame_id_converter_node" to ""
[12.955s] -- Installing: /home/amirmahdi/Mothari_robotics/Robotic_prac2/robotic_course/install/robot_description/lib/robot_description/ekf_diff_imu_node
[12.959s] -- Set runtime path of "/home/amirmahdi/Mothari_robotics/Robotic_prac2/robotic_course/install/robot_description/lib/robot_description/ekf_diff_imu_node" to ""
[12.959s] -- Installing: /home/amirmahdi/Mothari_robotics/Robotic_prac2/robotic_course/install/robot_description/lib/robot_description/motor_command_node
[12.962s] -- Set runtime path of "/home/amirmahdi/Mothari_robotics/Robotic_prac2/robotic_course/install/robot_description/lib/robot_description/motor_command_node" to ""
[12.962s] -- Installing: /home/amirmahdi/Mothari_robotics/Robotic_prac2/robotic_course/install/robot_description/lib/robot_description/cmd_vel_to_motor_rpm_node
[12.964s] -- Set runtime path of "/home/amirmahdi/Mothari_robotics/Robotic_prac2/robotic_course/install/robot_description/lib/robot_description/cmd_vel_to_motor_rpm_node" to ""
[12.964s] -- Installing: /home/amirmahdi/Mothari_robotics/Robotic_prac2/robotic_course/install/robot_description/share/ament_index/resource_index/package_run_dependencies/robot_description
[12.964s] -- Installing: /home/amirmahdi/Mothari_robotics/Robotic_prac2/robotic_course/install/robot_description/share/ament_index/resource_index/parent_prefix_path/robot_description
[12.964s] -- Installing: /home/amirmahdi/Mothari_robotics/Robotic_prac2/robotic_course/install/robot_description/share/robot_description/environment/ament_prefix_path.sh
[12.964s] -- Installing: /home/amirmahdi/Mothari_robotics/Robotic_prac2/robotic_course/install/robot_description/share/robot_description/environment/ament_prefix_path.dsv
[12.964s] -- Installing: /home/amirmahdi/Mothari_robotics/Robotic_prac2/robotic_course/install/robot_description/share/robot_description/environment/path.sh
[12.964s] -- Installing: /home/amirmahdi/Mothari_robotics/Robotic_prac2/robotic_course/install/robot_description/share/robot_description/environment/path.dsv
[12.964s] -- Installing: /home/amirmahdi/Mothari_robotics/Robotic_prac2/robotic_course/install/robot_description/share/robot_description/local_setup.bash
[12.964s] -- Installing: /home/amirmahdi/Mothari_robotics/Robotic_prac2/robotic_course/install/robot_description/share/robot_description/local_setup.sh
[12.964s] -- Installing: /home/amirmahdi/Mothari_robotics/Robotic_prac2/robotic_course/install/robot_description/share/robot_description/local_setup.zsh
[12.964s] -- Installing: /home/amirmahdi/Mothari_robotics/Robotic_prac2/robotic_course/install/robot_description/share/robot_description/local_setup.dsv
[12.965s] -- Installing: /home/amirmahdi/Mothari_robotics/Robotic_prac2/robotic_course/install/robot_description/share/robot_description/package.dsv
[12.965s] -- Installing: /home/amirmahdi/Mothari_robotics/Robotic_prac2/robotic_course/install/robot_description/share/ament_index/resource_index/packages/robot_description
[12.965s] -- Installing: /home/amirmahdi/Mothari_robotics/Robotic_prac2/robotic_course/install/robot_description/share/robot_description/cmake/robot_descriptionConfig.cmake
[12.965s] -- Installing: /home/amirmahdi/Mothari_robotics/Robotic_prac2/robotic_course/install/robot_description/share/robot_description/cmake/robot_descriptionConfig-version.cmake
[12.965s] -- Installing: /home/amirmahdi/Mothari_robotics/Robotic_prac2/robotic_course/install/robot_description/share/robot_description/package.xml
[12.967s] Invoked command in '/home/amirmahdi/Mothari_robotics/Robotic_prac2/robotic_course/build/robot_description' returned '0': CMAKE_PREFIX_PATH=${CMAKE_PREFIX_PATH}:/home/amirmahdi/Mothari_robotics/Robotic_prac2/robotic_course/install/robot_local_localization:/opt/ros/humble /usr/bin/cmake --install /home/amirmahdi/Mothari_robotics/Robotic_prac2/robotic_course/build/robot_description
