[0.007s] Invoking command in '/home/amirmahdi/Mothari_robotics/Robotic_prac2/robotic_course/build/robot_description': CMAKE_PREFIX_PATH=${CMAKE_PREFIX_PATH}:/opt/ros/humble /usr/bin/cmake /home/amirmahdi/Mothari_robotics/Robotic_prac2/robotic_course/robot_description -DCMAKE_INSTALL_PREFIX=/home/amirmahdi/Mothari_robotics/Robotic_prac2/robotic_course/install/robot_description
[0.053s] -- The C compiler identification is GNU 11.4.0
[0.099s] -- The CXX compiler identification is GNU 11.4.0
[0.104s] -- Detecting C compiler ABI info
[0.154s] -- Detecting C compiler ABI info - done
[0.161s] -- Check for working C compiler: /usr/bin/cc - skipped
[0.162s] -- Detecting C compile features
[0.162s] -- Detecting C compile features - done
[0.165s] -- Detecting CXX compiler ABI info
[0.227s] -- Detecting CXX compiler ABI info - done
[0.231s] -- Check for working CXX compiler: /usr/bin/c++ - skipped
[0.231s] -- Detecting CXX compile features
[0.231s] -- Detecting CXX compile features - done
[0.232s] -- Found ament_cmake: 1.3.12 (/opt/ros/humble/share/ament_cmake/cmake)
[0.328s] -- Found Python3: /usr/bin/python3 (found version "3.10.12") found components: Interpreter 
[0.380s] -- Found rclcpp: 16.0.15 (/opt/ros/humble/share/rclcpp/cmake)
[0.402s] -- Found rosidl_generator_c: 3.1.7 (/opt/ros/humble/share/rosidl_generator_c/cmake)
[0.405s] -- Found rosidl_adapter: 3.1.7 (/opt/ros/humble/share/rosidl_adapter/cmake)
[0.409s] -- Found rosidl_generator_cpp: 3.1.7 (/opt/ros/humble/share/rosidl_generator_cpp/cmake)
[0.415s] -- Using all available rosidl_typesupport_c: rosidl_typesupport_fastrtps_c;rosidl_typesupport_introspection_c
[0.423s] -- Using all available rosidl_typesupport_cpp: rosidl_typesupport_fastrtps_cpp;rosidl_typesupport_introspection_cpp
[0.446s] -- Found rmw_implementation_cmake: 6.1.2 (/opt/ros/humble/share/rmw_implementation_cmake/cmake)
[0.447s] -- Found rmw_fastrtps_cpp: 6.2.8 (/opt/ros/humble/share/rmw_fastrtps_cpp/cmake)
[0.509s] -- Found OpenSSL: /usr/lib/x86_64-linux-gnu/libcrypto.so (found version "3.0.2")  
[0.530s] -- Found FastRTPS: /opt/ros/humble/include  
[0.557s] -- Using RMW implementation 'rmw_fastrtps_cpp' as default
[0.562s] -- Looking for pthread.h
[0.615s] -- Looking for pthread.h - found
[0.615s] -- Performing Test CMAKE_HAVE_LIBC_PTHREAD
[0.675s] -- Performing Test CMAKE_HAVE_LIBC_PTHREAD - Success
[0.676s] -- Found Threads: TRUE  
[0.704s] -- Found sensor_msgs: 4.9.0 (/opt/ros/humble/share/sensor_msgs/cmake)
[0.720s] -- Found nav_msgs: 4.9.0 (/opt/ros/humble/share/nav_msgs/cmake)
[0.729s] -- Found std_srvs: 4.9.0 (/opt/ros/humble/share/std_srvs/cmake)
[0.735s] -- Found tf2: 0.25.16 (/opt/ros/humble/share/tf2/cmake)
[0.743s] -- Found tf2_ros: 0.25.16 (/opt/ros/humble/share/tf2_ros/cmake)
[0.792s] -- Found ament_lint_auto: 0.12.14 (/opt/ros/humble/share/ament_lint_auto/cmake)
[0.834s] -- Added test 'cppcheck' to perform static code analysis on C / C++ code
[0.834s] -- Configured cppcheck include dirs: 
[0.834s] -- Configured cppcheck exclude dirs and/or files: 
[0.835s] -- Added test 'flake8' to check Python code syntax and style conventions
[0.835s] -- Added test 'lint_cmake' to check CMake code style
[0.835s] -- Added test 'pep257' to check Python code against some of the docstring style conventions in PEP 257
[0.836s] -- Added test 'uncrustify' to check C / C++ code style
[0.836s] -- Configured uncrustify additional arguments: 
[0.836s] -- Added test 'xmllint' to check XML markup files
[0.837s] -- Configuring done
[0.847s] -- Generating done
[0.852s] -- Build files have been written to: /home/amirmahdi/Mothari_robotics/Robotic_prac2/robotic_course/build/robot_description
[0.860s] Invoked command in '/home/amirmahdi/Mothari_robotics/Robotic_prac2/robotic_course/build/robot_description' returned '0': CMAKE_PREFIX_PATH=${CMAKE_PREFIX_PATH}:/opt/ros/humble /usr/bin/cmake /home/amirmahdi/Mothari_robotics/Robotic_prac2/robotic_course/robot_description -DCMAKE_INSTALL_PREFIX=/home/amirmahdi/Mothari_robotics/Robotic_prac2/robotic_course/install/robot_description
[0.861s] Invoking command in '/home/amirmahdi/Mothari_robotics/Robotic_prac2/robotic_course/build/robot_description': CMAKE_PREFIX_PATH=${CMAKE_PREFIX_PATH}:/opt/ros/humble /usr/bin/cmake --build /home/amirmahdi/Mothari_robotics/Robotic_prac2/robotic_course/build/robot_description -- -j20 -l20
[0.899s] [ 12%] [32mBuilding CXX object CMakeFiles/motor_command_node.dir/scripts/motor_command.cpp.o[0m
[0.899s] [ 37%] [32mBuilding CXX object CMakeFiles/frame_id_converter_node.dir/scripts/frame_id_converter.cpp.o[0m
[0.899s] [ 37%] [32mBuilding CXX object CMakeFiles/ekf_diff_imu_node.dir/scripts/ekf_diff_imu.cpp.o[0m
[0.900s] [ 50%] [32mBuilding CXX object CMakeFiles/cmd_vel_to_motor_rpm_node.dir/scripts/cmd_vel_to_motor_rpm.cpp.o[0m
[5.704s] [ 62%] [32m[1mLinking CXX executable frame_id_converter_node[0m
[5.822s] [ 75%] [32m[1mLinking CXX executable motor_command_node[0m
[5.835s] [ 87%] [32m[1mLinking CXX executable cmd_vel_to_motor_rpm_node[0m
[5.960s] [ 87%] Built target frame_id_converter_node
[6.061s] [ 87%] Built target motor_command_node
[6.076s] [ 87%] Built target cmd_vel_to_motor_rpm_node
[8.814s] [100%] [32m[1mLinking CXX executable ekf_diff_imu_node[0m
[9.194s] [100%] Built target ekf_diff_imu_node
[9.203s] Invoked command in '/home/amirmahdi/Mothari_robotics/Robotic_prac2/robotic_course/build/robot_description' returned '0': CMAKE_PREFIX_PATH=${CMAKE_PREFIX_PATH}:/opt/ros/humble /usr/bin/cmake --build /home/amirmahdi/Mothari_robotics/Robotic_prac2/robotic_course/build/robot_description -- -j20 -l20
[9.209s] Invoking command in '/home/amirmahdi/Mothari_robotics/Robotic_prac2/robotic_course/build/robot_description': CMAKE_PREFIX_PATH=${CMAKE_PREFIX_PATH}:/opt/ros/humble /usr/bin/cmake --install /home/amirmahdi/Mothari_robotics/Robotic_prac2/robotic_course/build/robot_description
[9.213s] -- Install configuration: ""
[9.213s] -- Installing: /home/amirmahdi/Mothari_robotics/Robotic_prac2/robotic_course/install/robot_description/share/robot_description/src
[9.213s] -- Installing: /home/amirmahdi/Mothari_robotics/Robotic_prac2/robotic_course/install/robot_description/share/robot_description/src/description
[9.213s] -- Installing: /home/amirmahdi/Mothari_robotics/Robotic_prac2/robotic_course/install/robot_description/share/robot_description/src/description/robot.urdf
[9.213s] -- Installing: /home/amirmahdi/Mothari_robotics/Robotic_prac2/robotic_course/install/robot_description/share/robot_description/src/meshes
[9.213s] -- Installing: /home/amirmahdi/Mothari_robotics/Robotic_prac2/robotic_course/install/robot_description/share/robot_description/src/meshes/wheel.usd
[9.213s] -- Installing: /home/amirmahdi/Mothari_robotics/Robotic_prac2/robotic_course/install/robot_description/share/robot_description/src/meshes/wheel.STL
[9.213s] -- Installing: /home/amirmahdi/Mothari_robotics/Robotic_prac2/robotic_course/install/robot_description/share/robot_description/src/meshes/chasis.STL
[9.226s] -- Installing: /home/amirmahdi/Mothari_robotics/Robotic_prac2/robotic_course/install/robot_description/share/robot_description/src/meshes/zed.STL
[9.226s] -- Installing: /home/amirmahdi/Mothari_robotics/Robotic_prac2/robotic_course/install/robot_description/share/robot_description/src/meshes/Rear_Right_Caster_Wheel_Main.STL
[9.226s] -- Installing: /home/amirmahdi/Mothari_robotics/Robotic_prac2/robotic_course/install/robot_description/share/robot_description/src/meshes/Front_Right_Caster_Wheel_Main.STL
[9.226s] -- Installing: /home/amirmahdi/Mothari_robotics/Robotic_prac2/robotic_course/install/robot_description/share/robot_description/src/meshes/Front_Left_Caster_Wheel_Main.STL
[9.227s] -- Installing: /home/amirmahdi/Mothari_robotics/Robotic_prac2/robotic_course/install/robot_description/share/robot_description/src/meshes/Rear_Left_Caster_Wheel_Main.STL
[9.227s] -- Installing: /home/amirmahdi/Mothari_robotics/Robotic_prac2/robotic_course/install/robot_description/share/robot_description/src/meshes/Rear_Trailing.STL
[9.228s] -- Installing: /home/amirmahdi/Mothari_robotics/Robotic_prac2/robotic_course/install/robot_description/share/robot_description/launch
[9.228s] -- Installing: /home/amirmahdi/Mothari_robotics/Robotic_prac2/robotic_course/install/robot_description/share/robot_description/launch/display.launch.py
[9.229s] -- Installing: /home/amirmahdi/Mothari_robotics/Robotic_prac2/robotic_course/install/robot_description/share/robot_description/launch/gazebo.launch.py
[9.229s] -- Installing: /home/amirmahdi/Mothari_robotics/Robotic_prac2/robotic_course/install/robot_description/share/robot_description/rviz
[9.229s] -- Installing: /home/amirmahdi/Mothari_robotics/Robotic_prac2/robotic_course/install/robot_description/share/robot_description/rviz/config.rviz
[9.229s] -- Installing: /home/amirmahdi/Mothari_robotics/Robotic_prac2/robotic_course/install/robot_description/share/robot_description/config
[9.229s] -- Installing: /home/amirmahdi/Mothari_robotics/Robotic_prac2/robotic_course/install/robot_description/share/robot_description/config/gz_bridge.yaml
[9.229s] -- Installing: /home/amirmahdi/Mothari_robotics/Robotic_prac2/robotic_course/install/robot_description/share/robot_description/config/rtabmap_slam.yaml
[9.229s] -- Installing: /home/amirmahdi/Mothari_robotics/Robotic_prac2/robotic_course/install/robot_description/share/robot_description/world
[9.229s] -- Installing: /home/amirmahdi/Mothari_robotics/Robotic_prac2/robotic_course/install/robot_description/share/robot_description/world/depot.sdf
[9.229s] -- Installing: /home/amirmahdi/Mothari_robotics/Robotic_prac2/robotic_course/install/robot_description/share/robot_description/world/test.sdf
[9.229s] -- Installing: /home/amirmahdi/Mothari_robotics/Robotic_prac2/robotic_course/install/robot_description/share/robot_description/scripts
[9.229s] -- Installing: /home/amirmahdi/Mothari_robotics/Robotic_prac2/robotic_course/install/robot_description/share/robot_description/scripts/cmd_vel_to_motor_rpm.cpp
[9.229s] -- Installing: /home/amirmahdi/Mothari_robotics/Robotic_prac2/robotic_course/install/robot_description/share/robot_description/scripts/motor_command.cpp
[9.229s] -- Installing: /home/amirmahdi/Mothari_robotics/Robotic_prac2/robotic_course/install/robot_description/share/robot_description/scripts/ekf_diff_imu.cpp
[9.229s] -- Installing: /home/amirmahdi/Mothari_robotics/Robotic_prac2/robotic_course/install/robot_description/share/robot_description/scripts/frame_id_converter.cpp
[9.229s] -- Installing: /home/amirmahdi/Mothari_robotics/Robotic_prac2/robotic_course/install/robot_description/lib/robot_description/frame_id_converter_node
[9.230s] -- Set runtime path of "/home/amirmahdi/Mothari_robotics/Robotic_prac2/robotic_course/install/robot_description/lib/robot_description/frame_id_converter_node" to ""
[9.230s] -- Installing: /home/amirmahdi/Mothari_robotics/Robotic_prac2/robotic_course/install/robot_description/lib/robot_description/ekf_diff_imu_node
[9.233s] -- Set runtime path of "/home/amirmahdi/Mothari_robotics/Robotic_prac2/robotic_course/install/robot_description/lib/robot_description/ekf_diff_imu_node" to ""
[9.233s] -- Installing: /home/amirmahdi/Mothari_robotics/Robotic_prac2/robotic_course/install/robot_description/lib/robot_description/motor_command_node
[9.234s] -- Set runtime path of "/home/amirmahdi/Mothari_robotics/Robotic_prac2/robotic_course/install/robot_description/lib/robot_description/motor_command_node" to ""
[9.235s] -- Installing: /home/amirmahdi/Mothari_robotics/Robotic_prac2/robotic_course/install/robot_description/lib/robot_description/cmd_vel_to_motor_rpm_node
[9.236s] -- Set runtime path of "/home/amirmahdi/Mothari_robotics/Robotic_prac2/robotic_course/install/robot_description/lib/robot_description/cmd_vel_to_motor_rpm_node" to ""
[9.236s] -- Installing: /home/amirmahdi/Mothari_robotics/Robotic_prac2/robotic_course/install/robot_description/share/ament_index/resource_index/package_run_dependencies/robot_description
[9.236s] -- Installing: /home/amirmahdi/Mothari_robotics/Robotic_prac2/robotic_course/install/robot_description/share/ament_index/resource_index/parent_prefix_path/robot_description
[9.236s] -- Installing: /home/amirmahdi/Mothari_robotics/Robotic_prac2/robotic_course/install/robot_description/share/robot_description/environment/ament_prefix_path.sh
[9.236s] -- Installing: /home/amirmahdi/Mothari_robotics/Robotic_prac2/robotic_course/install/robot_description/share/robot_description/environment/ament_prefix_path.dsv
[9.236s] -- Installing: /home/amirmahdi/Mothari_robotics/Robotic_prac2/robotic_course/install/robot_description/share/robot_description/environment/path.sh
[9.236s] -- Installing: /home/amirmahdi/Mothari_robotics/Robotic_prac2/robotic_course/install/robot_description/share/robot_description/environment/path.dsv
[9.236s] -- Installing: /home/amirmahdi/Mothari_robotics/Robotic_prac2/robotic_course/install/robot_description/share/robot_description/local_setup.bash
[9.236s] -- Installing: /home/amirmahdi/Mothari_robotics/Robotic_prac2/robotic_course/install/robot_description/share/robot_description/local_setup.sh
[9.236s] -- Installing: /home/amirmahdi/Mothari_robotics/Robotic_prac2/robotic_course/install/robot_description/share/robot_description/local_setup.zsh
[9.236s] -- Installing: /home/amirmahdi/Mothari_robotics/Robotic_prac2/robotic_course/install/robot_description/share/robot_description/local_setup.dsv
[9.236s] -- Installing: /home/amirmahdi/Mothari_robotics/Robotic_prac2/robotic_course/install/robot_description/share/robot_description/package.dsv
[9.236s] -- Installing: /home/amirmahdi/Mothari_robotics/Robotic_prac2/robotic_course/install/robot_description/share/ament_index/resource_index/packages/robot_description
[9.236s] -- Installing: /home/amirmahdi/Mothari_robotics/Robotic_prac2/robotic_course/install/robot_description/share/robot_description/cmake/robot_descriptionConfig.cmake
[9.236s] -- Installing: /home/amirmahdi/Mothari_robotics/Robotic_prac2/robotic_course/install/robot_description/share/robot_description/cmake/robot_descriptionConfig-version.cmake
[9.236s] -- Installing: /home/amirmahdi/Mothari_robotics/Robotic_prac2/robotic_course/install/robot_description/share/robot_description/package.xml
[9.238s] Invoked command in '/home/amirmahdi/Mothari_robotics/Robotic_prac2/robotic_course/build/robot_description' returned '0': CMAKE_PREFIX_PATH=${CMAKE_PREFIX_PATH}:/opt/ros/humble /usr/bin/cmake --install /home/amirmahdi/Mothari_robotics/Robotic_prac2/robotic_course/build/robot_description
