[0.007s] Invoking command in '/home/amirmahdi/Mothari_robotics/Robotic_prac2/robotic_course/build/robot_description': CMAKE_PREFIX_PATH=${CMAKE_PREFIX_PATH}:/opt/ros/humble /usr/bin/cmake --build /home/amirmahdi/Mothari_robotics/Robotic_prac2/robotic_course/build/robot_description -- -j20 -l20
[0.033s] [35m[1mConsolidate compiler generated dependencies of target frame_id_converter_node[0m
[0.033s] [35m[1mConsolidate compiler generated dependencies of target motor_command_node[0m
[0.033s] [35m[1mConsolidate compiler generated dependencies of target ekf_diff_imu_node[0m
[0.044s] [ 33%] Built target frame_id_converter_node
[0.044s] [ 66%] Built target motor_command_node
[0.045s] [100%] Built target ekf_diff_imu_node
[0.054s] Invoked command in '/home/amirmahdi/Mothari_robotics/Robotic_prac2/robotic_course/build/robot_description' returned '0': CMAKE_PREFIX_PATH=${CMAKE_PREFIX_PATH}:/opt/ros/humble /usr/bin/cmake --build /home/amirmahdi/Mothari_robotics/Robotic_prac2/robotic_course/build/robot_description -- -j20 -l20
[0.062s] Invoking command in '/home/amirmahdi/Mothari_robotics/Robotic_prac2/robotic_course/build/robot_description': CMAKE_PREFIX_PATH=${CMAKE_PREFIX_PATH}:/opt/ros/humble /usr/bin/cmake --install /home/amirmahdi/Mothari_robotics/Robotic_prac2/robotic_course/build/robot_description
[0.066s] -- Install configuration: ""
[0.066s] -- Up-to-date: /home/amirmahdi/Mothari_robotics/Robotic_prac2/robotic_course/install/robot_description/share/robot_description/src
[0.066s] -- Up-to-date: /home/amirmahdi/Mothari_robotics/Robotic_prac2/robotic_course/install/robot_description/share/robot_description/src/description
[0.066s] -- Installing: /home/amirmahdi/Mothari_robotics/Robotic_prac2/robotic_course/install/robot_description/share/robot_description/src/description/robot.urdf
[0.066s] -- Up-to-date: /home/amirmahdi/Mothari_robotics/Robotic_prac2/robotic_course/install/robot_description/share/robot_description/src/meshes
[0.066s] -- Up-to-date: /home/amirmahdi/Mothari_robotics/Robotic_prac2/robotic_course/install/robot_description/share/robot_description/src/meshes/wheel.usd
[0.066s] -- Up-to-date: /home/amirmahdi/Mothari_robotics/Robotic_prac2/robotic_course/install/robot_description/share/robot_description/src/meshes/wheel.STL
[0.066s] -- Up-to-date: /home/amirmahdi/Mothari_robotics/Robotic_prac2/robotic_course/install/robot_description/share/robot_description/src/meshes/chasis.STL
[0.066s] -- Up-to-date: /home/amirmahdi/Mothari_robotics/Robotic_prac2/robotic_course/install/robot_description/share/robot_description/src/meshes/zed.STL
[0.066s] -- Up-to-date: /home/amirmahdi/Mothari_robotics/Robotic_prac2/robotic_course/install/robot_description/share/robot_description/src/meshes/Rear_Right_Caster_Wheel_Main.STL
[0.066s] -- Up-to-date: /home/amirmahdi/Mothari_robotics/Robotic_prac2/robotic_course/install/robot_description/share/robot_description/src/meshes/Front_Right_Caster_Wheel_Main.STL
[0.067s] -- Up-to-date: /home/amirmahdi/Mothari_robotics/Robotic_prac2/robotic_course/install/robot_description/share/robot_description/src/meshes/Front_Left_Caster_Wheel_Main.STL
[0.067s] -- Up-to-date: /home/amirmahdi/Mothari_robotics/Robotic_prac2/robotic_course/install/robot_description/share/robot_description/src/meshes/Rear_Left_Caster_Wheel_Main.STL
[0.067s] -- Up-to-date: /home/amirmahdi/Mothari_robotics/Robotic_prac2/robotic_course/install/robot_description/share/robot_description/src/meshes/Rear_Trailing.STL
[0.067s] -- Up-to-date: /home/amirmahdi/Mothari_robotics/Robotic_prac2/robotic_course/install/robot_description/share/robot_description/launch
[0.067s] -- Up-to-date: /home/amirmahdi/Mothari_robotics/Robotic_prac2/robotic_course/install/robot_description/share/robot_description/launch/display.launch.py
[0.067s] -- Up-to-date: /home/amirmahdi/Mothari_robotics/Robotic_prac2/robotic_course/install/robot_description/share/robot_description/launch/gazebo.launch.py
[0.067s] -- Up-to-date: /home/amirmahdi/Mothari_robotics/Robotic_prac2/robotic_course/install/robot_description/share/robot_description/rviz
[0.067s] -- Up-to-date: /home/amirmahdi/Mothari_robotics/Robotic_prac2/robotic_course/install/robot_description/share/robot_description/rviz/config.rviz
[0.067s] -- Up-to-date: /home/amirmahdi/Mothari_robotics/Robotic_prac2/robotic_course/install/robot_description/share/robot_description/config
[0.067s] -- Up-to-date: /home/amirmahdi/Mothari_robotics/Robotic_prac2/robotic_course/install/robot_description/share/robot_description/config/gz_bridge.yaml
[0.067s] -- Up-to-date: /home/amirmahdi/Mothari_robotics/Robotic_prac2/robotic_course/install/robot_description/share/robot_description/config/rtabmap_slam.yaml
[0.067s] -- Up-to-date: /home/amirmahdi/Mothari_robotics/Robotic_prac2/robotic_course/install/robot_description/share/robot_description/world
[0.067s] -- Up-to-date: /home/amirmahdi/Mothari_robotics/Robotic_prac2/robotic_course/install/robot_description/share/robot_description/world/depot.sdf
[0.067s] -- Up-to-date: /home/amirmahdi/Mothari_robotics/Robotic_prac2/robotic_course/install/robot_description/share/robot_description/world/test.sdf
[0.067s] -- Up-to-date: /home/amirmahdi/Mothari_robotics/Robotic_prac2/robotic_course/install/robot_description/share/robot_description/scripts
[0.067s] -- Up-to-date: /home/amirmahdi/Mothari_robotics/Robotic_prac2/robotic_course/install/robot_description/share/robot_description/scripts/motor_command.cpp
[0.067s] -- Up-to-date: /home/amirmahdi/Mothari_robotics/Robotic_prac2/robotic_course/install/robot_description/share/robot_description/scripts/ekf_diff_imu.cpp
[0.067s] -- Up-to-date: /home/amirmahdi/Mothari_robotics/Robotic_prac2/robotic_course/install/robot_description/share/robot_description/scripts/frame_id_converter.cpp
[0.067s] -- Up-to-date: /home/amirmahdi/Mothari_robotics/Robotic_prac2/robotic_course/install/robot_description/lib/robot_description/frame_id_converter_node
[0.067s] -- Up-to-date: /home/amirmahdi/Mothari_robotics/Robotic_prac2/robotic_course/install/robot_description/lib/robot_description/ekf_diff_imu_node
[0.067s] -- Up-to-date: /home/amirmahdi/Mothari_robotics/Robotic_prac2/robotic_course/install/robot_description/lib/robot_description/motor_command_node
[0.067s] -- Up-to-date: /home/amirmahdi/Mothari_robotics/Robotic_prac2/robotic_course/install/robot_description/share/ament_index/resource_index/package_run_dependencies/robot_description
[0.067s] -- Up-to-date: /home/amirmahdi/Mothari_robotics/Robotic_prac2/robotic_course/install/robot_description/share/ament_index/resource_index/parent_prefix_path/robot_description
[0.067s] -- Up-to-date: /home/amirmahdi/Mothari_robotics/Robotic_prac2/robotic_course/install/robot_description/share/robot_description/environment/ament_prefix_path.sh
[0.067s] -- Up-to-date: /home/amirmahdi/Mothari_robotics/Robotic_prac2/robotic_course/install/robot_description/share/robot_description/environment/ament_prefix_path.dsv
[0.067s] -- Up-to-date: /home/amirmahdi/Mothari_robotics/Robotic_prac2/robotic_course/install/robot_description/share/robot_description/environment/path.sh
[0.067s] -- Up-to-date: /home/amirmahdi/Mothari_robotics/Robotic_prac2/robotic_course/install/robot_description/share/robot_description/environment/path.dsv
[0.067s] -- Up-to-date: /home/amirmahdi/Mothari_robotics/Robotic_prac2/robotic_course/install/robot_description/share/robot_description/local_setup.bash
[0.067s] -- Up-to-date: /home/amirmahdi/Mothari_robotics/Robotic_prac2/robotic_course/install/robot_description/share/robot_description/local_setup.sh
[0.067s] -- Up-to-date: /home/amirmahdi/Mothari_robotics/Robotic_prac2/robotic_course/install/robot_description/share/robot_description/local_setup.zsh
[0.067s] -- Up-to-date: /home/amirmahdi/Mothari_robotics/Robotic_prac2/robotic_course/install/robot_description/share/robot_description/local_setup.dsv
[0.067s] -- Installing: /home/amirmahdi/Mothari_robotics/Robotic_prac2/robotic_course/install/robot_description/share/robot_description/package.dsv
[0.067s] -- Up-to-date: /home/amirmahdi/Mothari_robotics/Robotic_prac2/robotic_course/install/robot_description/share/ament_index/resource_index/packages/robot_description
[0.067s] -- Up-to-date: /home/amirmahdi/Mothari_robotics/Robotic_prac2/robotic_course/install/robot_description/share/robot_description/cmake/robot_descriptionConfig.cmake
[0.067s] -- Up-to-date: /home/amirmahdi/Mothari_robotics/Robotic_prac2/robotic_course/install/robot_description/share/robot_description/cmake/robot_descriptionConfig-version.cmake
[0.067s] -- Up-to-date: /home/amirmahdi/Mothari_robotics/Robotic_prac2/robotic_course/install/robot_description/share/robot_description/package.xml
[0.068s] Invoked command in '/home/amirmahdi/Mothari_robotics/Robotic_prac2/robotic_course/build/robot_description' returned '0': CMAKE_PREFIX_PATH=${CMAKE_PREFIX_PATH}:/opt/ros/humble /usr/bin/cmake --install /home/amirmahdi/Mothari_robotics/Robotic_prac2/robotic_course/build/robot_description
