[0.056s] DEBUG:colcon:Command line arguments: ['/usr/bin/colcon', 'build']
[0.056s] DEBUG:colcon:Parsed command line arguments: Namespace(log_base=None, log_level=None, verb_name='build', build_base='build', install_base='install', merge_install=False, symlink_install=False, test_result_base=None, continue_on_error=False, executor='parallel', parallel_workers=20, event_handlers=None, ignore_user_meta=False, metas=['./colcon.meta'], base_paths=['.'], packages_ignore=None, packages_ignore_regex=None, paths=None, packages_up_to=None, packages_up_to_regex=None, packages_above=None, packages_above_and_dependencies=None, packages_above_depth=None, packages_select_by_dep=None, packages_skip_by_dep=None, packages_skip_up_to=None, packages_select_build_failed=False, packages_skip_build_finished=False, packages_select_test_failures=False, packages_skip_test_passed=False, packages_select=None, packages_skip=None, packages_select_regex=None, packages_skip_regex=None, packages_start=None, packages_end=None, allow_overriding=[], cmake_args=None, cmake_target=None, cmake_target_skip_unavailable=False, cmake_clean_cache=False, cmake_clean_first=False, cmake_force_configure=False, ament_cmake_args=None, catkin_cmake_args=None, catkin_skip_building_tests=False, mixin_files=None, mixin=None, verb_parser=<colcon_mixin.mixin.mixin_argument.MixinArgumentDecorator object at 0x73a39ed5de70>, verb_extension=<colcon_core.verb.build.BuildVerb object at 0x73a39eed34c0>, main=<bound method BuildVerb.main of <colcon_core.verb.build.BuildVerb object at 0x73a39eed34c0>>, mixin_verb=('build',))
[0.139s] Level 1:colcon.colcon_core.package_discovery:discover_packages(colcon_meta) check parameters
[0.139s] Level 1:colcon.colcon_core.package_discovery:discover_packages(recursive) check parameters
[0.139s] Level 1:colcon.colcon_core.package_discovery:discover_packages(ignore) check parameters
[0.139s] Level 1:colcon.colcon_core.package_discovery:discover_packages(path) check parameters
[0.139s] Level 1:colcon.colcon_core.package_discovery:discover_packages(colcon_meta) discover
[0.139s] Level 1:colcon.colcon_core.package_discovery:discover_packages(recursive) discover
[0.139s] INFO:colcon.colcon_core.package_discovery:Crawling recursively for packages in '/home/amirmahdi/Mothari_robotics/Robotic_prac2/robotic_course'
[0.139s] Level 1:colcon.colcon_core.package_identification:_identify(.) by extensions ['ignore', 'ignore_ament_install']
[0.139s] Level 1:colcon.colcon_core.package_identification:_identify(.) by extension 'ignore'
[0.139s] Level 1:colcon.colcon_core.package_identification:_identify(.) by extension 'ignore_ament_install'
[0.139s] Level 1:colcon.colcon_core.package_identification:_identify(.) by extensions ['colcon_pkg']
[0.139s] Level 1:colcon.colcon_core.package_identification:_identify(.) by extension 'colcon_pkg'
[0.139s] Level 1:colcon.colcon_core.package_identification:_identify(.) by extensions ['colcon_meta']
[0.139s] Level 1:colcon.colcon_core.package_identification:_identify(.) by extension 'colcon_meta'
[0.139s] Level 1:colcon.colcon_core.package_identification:_identify(.) by extensions ['ros']
[0.139s] Level 1:colcon.colcon_core.package_identification:_identify(.) by extension 'ros'
[0.145s] Level 1:colcon.colcon_core.package_identification:_identify(.) by extensions ['cmake', 'python']
[0.145s] Level 1:colcon.colcon_core.package_identification:_identify(.) by extension 'cmake'
[0.145s] Level 1:colcon.colcon_core.package_identification:_identify(.) by extension 'python'
[0.145s] Level 1:colcon.colcon_core.package_identification:_identify(.) by extensions ['python_setup_py']
[0.145s] Level 1:colcon.colcon_core.package_identification:_identify(.) by extension 'python_setup_py'
[0.145s] Level 1:colcon.colcon_core.package_identification:_identify(build) by extensions ['ignore', 'ignore_ament_install']
[0.145s] Level 1:colcon.colcon_core.package_identification:_identify(build) by extension 'ignore'
[0.145s] Level 1:colcon.colcon_core.package_identification:_identify(build) ignored
[0.145s] Level 1:colcon.colcon_core.package_identification:_identify(install) by extensions ['ignore', 'ignore_ament_install']
[0.145s] Level 1:colcon.colcon_core.package_identification:_identify(install) by extension 'ignore'
[0.145s] Level 1:colcon.colcon_core.package_identification:_identify(install) ignored
[0.145s] Level 1:colcon.colcon_core.package_identification:_identify(log) by extensions ['ignore', 'ignore_ament_install']
[0.145s] Level 1:colcon.colcon_core.package_identification:_identify(log) by extension 'ignore'
[0.146s] Level 1:colcon.colcon_core.package_identification:_identify(log) ignored
[0.146s] Level 1:colcon.colcon_core.package_identification:_identify(robot_description) by extensions ['ignore', 'ignore_ament_install']
[0.146s] Level 1:colcon.colcon_core.package_identification:_identify(robot_description) by extension 'ignore'
[0.146s] Level 1:colcon.colcon_core.package_identification:_identify(robot_description) by extension 'ignore_ament_install'
[0.146s] Level 1:colcon.colcon_core.package_identification:_identify(robot_description) by extensions ['colcon_pkg']
[0.146s] Level 1:colcon.colcon_core.package_identification:_identify(robot_description) by extension 'colcon_pkg'
[0.146s] Level 1:colcon.colcon_core.package_identification:_identify(robot_description) by extensions ['colcon_meta']
[0.146s] Level 1:colcon.colcon_core.package_identification:_identify(robot_description) by extension 'colcon_meta'
[0.146s] Level 1:colcon.colcon_core.package_identification:_identify(robot_description) by extensions ['ros']
[0.146s] Level 1:colcon.colcon_core.package_identification:_identify(robot_description) by extension 'ros'
[0.147s] DEBUG:colcon.colcon_core.package_identification:Package 'robot_description' with type 'ros.ament_cmake' and name 'robot_description'
[0.147s] Level 1:colcon.colcon_core.package_identification:_identify(robot_local_localization) by extensions ['ignore', 'ignore_ament_install']
[0.147s] Level 1:colcon.colcon_core.package_identification:_identify(robot_local_localization) by extension 'ignore'
[0.147s] Level 1:colcon.colcon_core.package_identification:_identify(robot_local_localization) by extension 'ignore_ament_install'
[0.147s] Level 1:colcon.colcon_core.package_identification:_identify(robot_local_localization) by extensions ['colcon_pkg']
[0.147s] Level 1:colcon.colcon_core.package_identification:_identify(robot_local_localization) by extension 'colcon_pkg'
[0.147s] Level 1:colcon.colcon_core.package_identification:_identify(robot_local_localization) by extensions ['colcon_meta']
[0.147s] Level 1:colcon.colcon_core.package_identification:_identify(robot_local_localization) by extension 'colcon_meta'
[0.147s] Level 1:colcon.colcon_core.package_identification:_identify(robot_local_localization) by extensions ['ros']
[0.147s] Level 1:colcon.colcon_core.package_identification:_identify(robot_local_localization) by extension 'ros'
[0.148s] DEBUG:colcon.colcon_core.package_identification:Package 'robot_local_localization' with type 'ros.ament_python' and name 'robot_local_localization'
[0.148s] Level 1:colcon.colcon_core.package_discovery:discover_packages(recursive) using defaults
[0.148s] Level 1:colcon.colcon_core.package_discovery:discover_packages(ignore) discover
[0.148s] Level 1:colcon.colcon_core.package_discovery:discover_packages(ignore) using defaults
[0.148s] Level 1:colcon.colcon_core.package_discovery:discover_packages(path) discover
[0.148s] Level 1:colcon.colcon_core.package_discovery:discover_packages(path) using defaults
[0.165s] Level 1:colcon.colcon_core.package_discovery:discover_packages(prefix_path) check parameters
[0.165s] Level 1:colcon.colcon_core.package_discovery:discover_packages(prefix_path) discover
[0.165s] WARNING:colcon.colcon_ros.prefix_path.ament:The path '/home/amirmahdi/Mothari_robotics/Robotic_prac2/robotic_course/install/robot_local_localization' in the environment variable AMENT_PREFIX_PATH doesn't exist
[0.165s] WARNING:colcon.colcon_ros.prefix_path.ament:The path '/home/amirmahdi/Mothari_robotics/Robotic_prac2/robotic_course/install/robot_description' in the environment variable AMENT_PREFIX_PATH doesn't exist
[0.165s] WARNING:colcon.colcon_ros.prefix_path.catkin:The path '/home/amirmahdi/Mothari_robotics/Robotic_prac2/robotic_course/install/robot_description' in the environment variable CMAKE_PREFIX_PATH doesn't exist
[0.166s] DEBUG:colcon.colcon_installed_package_information.package_discovery:Found 0 installed packages in /home/amirmahdi/Mothari_robotics/Robotic_prac2/robotic_course/install
[0.166s] DEBUG:colcon.colcon_installed_package_information.package_discovery:Found 357 installed packages in /opt/ros/humble
[0.167s] Level 1:colcon.colcon_core.package_discovery:discover_packages(prefix_path) using defaults
[0.189s] Level 5:colcon.colcon_core.verb:set package 'robot_description' build argument 'cmake_args' from command line to 'None'
[0.189s] Level 5:colcon.colcon_core.verb:set package 'robot_description' build argument 'cmake_target' from command line to 'None'
[0.189s] Level 5:colcon.colcon_core.verb:set package 'robot_description' build argument 'cmake_target_skip_unavailable' from command line to 'False'
[0.189s] Level 5:colcon.colcon_core.verb:set package 'robot_description' build argument 'cmake_clean_cache' from command line to 'False'
[0.189s] Level 5:colcon.colcon_core.verb:set package 'robot_description' build argument 'cmake_clean_first' from command line to 'False'
[0.189s] Level 5:colcon.colcon_core.verb:set package 'robot_description' build argument 'cmake_force_configure' from command line to 'False'
[0.189s] Level 5:colcon.colcon_core.verb:set package 'robot_description' build argument 'ament_cmake_args' from command line to 'None'
[0.189s] Level 5:colcon.colcon_core.verb:set package 'robot_description' build argument 'catkin_cmake_args' from command line to 'None'
[0.189s] Level 5:colcon.colcon_core.verb:set package 'robot_description' build argument 'catkin_skip_building_tests' from command line to 'False'
[0.189s] DEBUG:colcon.colcon_core.verb:Building package 'robot_description' with the following arguments: {'ament_cmake_args': None, 'build_base': '/home/amirmahdi/Mothari_robotics/Robotic_prac2/robotic_course/build/robot_description', 'catkin_cmake_args': None, 'catkin_skip_building_tests': False, 'cmake_args': None, 'cmake_clean_cache': False, 'cmake_clean_first': False, 'cmake_force_configure': False, 'cmake_target': None, 'cmake_target_skip_unavailable': False, 'install_base': '/home/amirmahdi/Mothari_robotics/Robotic_prac2/robotic_course/install/robot_description', 'merge_install': False, 'path': '/home/amirmahdi/Mothari_robotics/Robotic_prac2/robotic_course/robot_description', 'symlink_install': False, 'test_result_base': None}
[0.189s] Level 5:colcon.colcon_core.verb:set package 'robot_local_localization' build argument 'cmake_args' from command line to 'None'
[0.189s] Level 5:colcon.colcon_core.verb:set package 'robot_local_localization' build argument 'cmake_target' from command line to 'None'
[0.189s] Level 5:colcon.colcon_core.verb:set package 'robot_local_localization' build argument 'cmake_target_skip_unavailable' from command line to 'False'
[0.189s] Level 5:colcon.colcon_core.verb:set package 'robot_local_localization' build argument 'cmake_clean_cache' from command line to 'False'
[0.189s] Level 5:colcon.colcon_core.verb:set package 'robot_local_localization' build argument 'cmake_clean_first' from command line to 'False'
[0.189s] Level 5:colcon.colcon_core.verb:set package 'robot_local_localization' build argument 'cmake_force_configure' from command line to 'False'
[0.189s] Level 5:colcon.colcon_core.verb:set package 'robot_local_localization' build argument 'ament_cmake_args' from command line to 'None'
[0.189s] Level 5:colcon.colcon_core.verb:set package 'robot_local_localization' build argument 'catkin_cmake_args' from command line to 'None'
[0.189s] Level 5:colcon.colcon_core.verb:set package 'robot_local_localization' build argument 'catkin_skip_building_tests' from command line to 'False'
[0.189s] DEBUG:colcon.colcon_core.verb:Building package 'robot_local_localization' with the following arguments: {'ament_cmake_args': None, 'build_base': '/home/amirmahdi/Mothari_robotics/Robotic_prac2/robotic_course/build/robot_local_localization', 'catkin_cmake_args': None, 'catkin_skip_building_tests': False, 'cmake_args': None, 'cmake_clean_cache': False, 'cmake_clean_first': False, 'cmake_force_configure': False, 'cmake_target': None, 'cmake_target_skip_unavailable': False, 'install_base': '/home/amirmahdi/Mothari_robotics/Robotic_prac2/robotic_course/install/robot_local_localization', 'merge_install': False, 'path': '/home/amirmahdi/Mothari_robotics/Robotic_prac2/robotic_course/robot_local_localization', 'symlink_install': False, 'test_result_base': None}
[0.189s] INFO:colcon.colcon_core.executor:Executing jobs using 'parallel' executor
[0.190s] DEBUG:colcon.colcon_parallel_executor.executor.parallel:run_until_complete
[0.190s] INFO:colcon.colcon_ros.task.ament_cmake.build:Building ROS package in '/home/amirmahdi/Mothari_robotics/Robotic_prac2/robotic_course/robot_description' with build type 'ament_cmake'
[0.190s] INFO:colcon.colcon_cmake.task.cmake.build:Building CMake package in '/home/amirmahdi/Mothari_robotics/Robotic_prac2/robotic_course/robot_description'
[0.191s] INFO:colcon.colcon_core.plugin_system:Skipping extension 'colcon_core.shell.bat': Not used on non-Windows systems
[0.191s] INFO:colcon.colcon_core.shell:Skip shell extension 'powershell' for command environment: Not usable outside of PowerShell
[0.191s] DEBUG:colcon.colcon_core.shell:Skip shell extension 'dsv' for command environment
[0.193s] INFO:colcon.colcon_ros.task.ament_python.build:Building ROS package in '/home/amirmahdi/Mothari_robotics/Robotic_prac2/robotic_course/robot_local_localization' with build type 'ament_python'
[0.193s] Level 1:colcon.colcon_core.shell:create_environment_hook('robot_local_localization', 'ament_prefix_path')
[0.194s] INFO:colcon.colcon_core.shell:Creating environment hook '/home/amirmahdi/Mothari_robotics/Robotic_prac2/robotic_course/install/robot_local_localization/share/robot_local_localization/hook/ament_prefix_path.ps1'
[0.194s] INFO:colcon.colcon_core.shell:Creating environment descriptor '/home/amirmahdi/Mothari_robotics/Robotic_prac2/robotic_course/install/robot_local_localization/share/robot_local_localization/hook/ament_prefix_path.dsv'
[0.194s] INFO:colcon.colcon_core.shell:Creating environment hook '/home/amirmahdi/Mothari_robotics/Robotic_prac2/robotic_course/install/robot_local_localization/share/robot_local_localization/hook/ament_prefix_path.sh'
[0.194s] INFO:colcon.colcon_core.shell:Skip shell extension 'powershell' for command environment: Not usable outside of PowerShell
[0.195s] DEBUG:colcon.colcon_core.shell:Skip shell extension 'dsv' for command environment
[0.199s] DEBUG:colcon.colcon_core.event_handler.log_command:Invoking command in '/home/amirmahdi/Mothari_robotics/Robotic_prac2/robotic_course/build/robot_description': CMAKE_PREFIX_PATH=${CMAKE_PREFIX_PATH}:/home/amirmahdi/Mothari_robotics/Robotic_prac2/robotic_course/install/robot_local_localization:/opt/ros/humble /usr/bin/cmake /home/amirmahdi/Mothari_robotics/Robotic_prac2/robotic_course/robot_description -DCMAKE_INSTALL_PREFIX=/home/amirmahdi/Mothari_robotics/Robotic_prac2/robotic_course/install/robot_description
[0.337s] INFO:colcon.colcon_core.task.python.build:Building Python package in '/home/amirmahdi/Mothari_robotics/Robotic_prac2/robotic_course/robot_local_localization'
[0.337s] INFO:colcon.colcon_core.shell:Skip shell extension 'powershell' for command environment: Not usable outside of PowerShell
[0.337s] DEBUG:colcon.colcon_core.shell:Skip shell extension 'dsv' for command environment
[0.515s] DEBUG:colcon.colcon_core.event_handler.log_command:Invoking command in '/home/amirmahdi/Mothari_robotics/Robotic_prac2/robotic_course/robot_local_localization': PYTHONPATH=/home/amirmahdi/Mothari_robotics/Robotic_prac2/robotic_course/build/robot_local_localization/prefix_override:/usr/lib/python3/dist-packages/colcon_core/task/python/colcon_distutils_commands:/home/amirmahdi/Mothari_robotics/Robotic_prac2/robotic_course/install/robot_local_localization/lib/python3.10/site-packages:${PYTHONPATH} /usr/bin/python3 -W ignore:setup.py install is deprecated -W ignore:easy_install command is deprecated setup.py egg_info --egg-base ../build/robot_local_localization build --build-base /home/amirmahdi/Mothari_robotics/Robotic_prac2/robotic_course/build/robot_local_localization/build install --record /home/amirmahdi/Mothari_robotics/Robotic_prac2/robotic_course/build/robot_local_localization/install.log --single-version-externally-managed install_data
[0.675s] DEBUG:colcon.colcon_core.event_handler.log_command:Invoked command in '/home/amirmahdi/Mothari_robotics/Robotic_prac2/robotic_course/robot_local_localization' returned '0': PYTHONPATH=/home/amirmahdi/Mothari_robotics/Robotic_prac2/robotic_course/build/robot_local_localization/prefix_override:/usr/lib/python3/dist-packages/colcon_core/task/python/colcon_distutils_commands:/home/amirmahdi/Mothari_robotics/Robotic_prac2/robotic_course/install/robot_local_localization/lib/python3.10/site-packages:${PYTHONPATH} /usr/bin/python3 -W ignore:setup.py install is deprecated -W ignore:easy_install command is deprecated setup.py egg_info --egg-base ../build/robot_local_localization build --build-base /home/amirmahdi/Mothari_robotics/Robotic_prac2/robotic_course/build/robot_local_localization/build install --record /home/amirmahdi/Mothari_robotics/Robotic_prac2/robotic_course/build/robot_local_localization/install.log --single-version-externally-managed install_data
[0.676s] Level 1:colcon.colcon_core.environment:checking '/home/amirmahdi/Mothari_robotics/Robotic_prac2/robotic_course/install/robot_local_localization' for CMake module files
[0.676s] Level 1:colcon.colcon_core.environment:checking '/home/amirmahdi/Mothari_robotics/Robotic_prac2/robotic_course/install/robot_local_localization' for CMake config files
[0.677s] Level 1:colcon.colcon_core.environment:checking '/home/amirmahdi/Mothari_robotics/Robotic_prac2/robotic_course/install/robot_local_localization/lib'
[0.677s] Level 1:colcon.colcon_core.environment:checking '/home/amirmahdi/Mothari_robotics/Robotic_prac2/robotic_course/install/robot_local_localization/bin'
[0.677s] Level 1:colcon.colcon_core.environment:checking '/home/amirmahdi/Mothari_robotics/Robotic_prac2/robotic_course/install/robot_local_localization/lib/pkgconfig/robot_local_localization.pc'
[0.677s] Level 1:colcon.colcon_core.environment:checking '/home/amirmahdi/Mothari_robotics/Robotic_prac2/robotic_course/install/robot_local_localization/lib/python3.10/site-packages'
[0.677s] Level 1:colcon.colcon_core.shell:create_environment_hook('robot_local_localization', 'pythonpath')
[0.677s] INFO:colcon.colcon_core.shell:Creating environment hook '/home/amirmahdi/Mothari_robotics/Robotic_prac2/robotic_course/install/robot_local_localization/share/robot_local_localization/hook/pythonpath.ps1'
[0.677s] INFO:colcon.colcon_core.shell:Creating environment descriptor '/home/amirmahdi/Mothari_robotics/Robotic_prac2/robotic_course/install/robot_local_localization/share/robot_local_localization/hook/pythonpath.dsv'
[0.677s] INFO:colcon.colcon_core.shell:Creating environment hook '/home/amirmahdi/Mothari_robotics/Robotic_prac2/robotic_course/install/robot_local_localization/share/robot_local_localization/hook/pythonpath.sh'
[0.678s] Level 1:colcon.colcon_core.environment:checking '/home/amirmahdi/Mothari_robotics/Robotic_prac2/robotic_course/install/robot_local_localization/bin'
[0.678s] Level 1:colcon.colcon_core.environment:create_environment_scripts_only(robot_local_localization)
[0.678s] INFO:colcon.colcon_core.shell:Creating package script '/home/amirmahdi/Mothari_robotics/Robotic_prac2/robotic_course/install/robot_local_localization/share/robot_local_localization/package.ps1'
[0.679s] INFO:colcon.colcon_core.shell:Creating package descriptor '/home/amirmahdi/Mothari_robotics/Robotic_prac2/robotic_course/install/robot_local_localization/share/robot_local_localization/package.dsv'
[0.679s] INFO:colcon.colcon_core.shell:Creating package script '/home/amirmahdi/Mothari_robotics/Robotic_prac2/robotic_course/install/robot_local_localization/share/robot_local_localization/package.sh'
[0.679s] INFO:colcon.colcon_core.shell:Creating package script '/home/amirmahdi/Mothari_robotics/Robotic_prac2/robotic_course/install/robot_local_localization/share/robot_local_localization/package.bash'
[0.679s] INFO:colcon.colcon_core.shell:Creating package script '/home/amirmahdi/Mothari_robotics/Robotic_prac2/robotic_course/install/robot_local_localization/share/robot_local_localization/package.zsh'
[0.680s] Level 1:colcon.colcon_core.environment:create_file_with_runtime_dependencies(/home/amirmahdi/Mothari_robotics/Robotic_prac2/robotic_course/install/robot_local_localization/share/colcon-core/packages/robot_local_localization)
[1.042s] DEBUG:colcon.colcon_core.event_handler.log_command:Invoked command in '/home/amirmahdi/Mothari_robotics/Robotic_prac2/robotic_course/build/robot_description' returned '0': CMAKE_PREFIX_PATH=${CMAKE_PREFIX_PATH}:/home/amirmahdi/Mothari_robotics/Robotic_prac2/robotic_course/install/robot_local_localization:/opt/ros/humble /usr/bin/cmake /home/amirmahdi/Mothari_robotics/Robotic_prac2/robotic_course/robot_description -DCMAKE_INSTALL_PREFIX=/home/amirmahdi/Mothari_robotics/Robotic_prac2/robotic_course/install/robot_description
[1.044s] DEBUG:colcon.colcon_core.event_handler.log_command:Invoking command in '/home/amirmahdi/Mothari_robotics/Robotic_prac2/robotic_course/build/robot_description': CMAKE_PREFIX_PATH=${CMAKE_PREFIX_PATH}:/home/amirmahdi/Mothari_robotics/Robotic_prac2/robotic_course/install/robot_local_localization:/opt/ros/humble /usr/bin/cmake --build /home/amirmahdi/Mothari_robotics/Robotic_prac2/robotic_course/build/robot_description -- -j20 -l20
[9.678s] DEBUG:colcon.colcon_core.event_handler.log_command:Invoked command in '/home/amirmahdi/Mothari_robotics/Robotic_prac2/robotic_course/build/robot_description' returned '0': CMAKE_PREFIX_PATH=${CMAKE_PREFIX_PATH}:/home/amirmahdi/Mothari_robotics/Robotic_prac2/robotic_course/install/robot_local_localization:/opt/ros/humble /usr/bin/cmake --build /home/amirmahdi/Mothari_robotics/Robotic_prac2/robotic_course/build/robot_description -- -j20 -l20
[9.684s] DEBUG:colcon.colcon_core.event_handler.log_command:Invoking command in '/home/amirmahdi/Mothari_robotics/Robotic_prac2/robotic_course/build/robot_description': CMAKE_PREFIX_PATH=${CMAKE_PREFIX_PATH}:/home/amirmahdi/Mothari_robotics/Robotic_prac2/robotic_course/install/robot_local_localization:/opt/ros/humble /usr/bin/cmake --install /home/amirmahdi/Mothari_robotics/Robotic_prac2/robotic_course/build/robot_description
[9.714s] Level 1:colcon.colcon_core.environment:create_environment_scripts_only(robot_description)
[9.714s] Level 1:colcon.colcon_core.environment:checking '/home/amirmahdi/Mothari_robotics/Robotic_prac2/robotic_course/install/robot_description' for CMake module files
[9.714s] DEBUG:colcon.colcon_core.event_handler.log_command:Invoked command in '/home/amirmahdi/Mothari_robotics/Robotic_prac2/robotic_course/build/robot_description' returned '0': CMAKE_PREFIX_PATH=${CMAKE_PREFIX_PATH}:/home/amirmahdi/Mothari_robotics/Robotic_prac2/robotic_course/install/robot_local_localization:/opt/ros/humble /usr/bin/cmake --install /home/amirmahdi/Mothari_robotics/Robotic_prac2/robotic_course/build/robot_description
[9.714s] Level 1:colcon.colcon_core.environment:checking '/home/amirmahdi/Mothari_robotics/Robotic_prac2/robotic_course/install/robot_description' for CMake config files
[9.715s] Level 1:colcon.colcon_core.shell:create_environment_hook('robot_description', 'cmake_prefix_path')
[9.715s] INFO:colcon.colcon_core.shell:Creating environment hook '/home/amirmahdi/Mothari_robotics/Robotic_prac2/robotic_course/install/robot_description/share/robot_description/hook/cmake_prefix_path.ps1'
[9.715s] INFO:colcon.colcon_core.shell:Creating environment descriptor '/home/amirmahdi/Mothari_robotics/Robotic_prac2/robotic_course/install/robot_description/share/robot_description/hook/cmake_prefix_path.dsv'
[9.715s] INFO:colcon.colcon_core.shell:Creating environment hook '/home/amirmahdi/Mothari_robotics/Robotic_prac2/robotic_course/install/robot_description/share/robot_description/hook/cmake_prefix_path.sh'
[9.715s] Level 1:colcon.colcon_core.environment:checking '/home/amirmahdi/Mothari_robotics/Robotic_prac2/robotic_course/install/robot_description/lib'
[9.715s] Level 1:colcon.colcon_core.environment:checking '/home/amirmahdi/Mothari_robotics/Robotic_prac2/robotic_course/install/robot_description/bin'
[9.716s] Level 1:colcon.colcon_core.environment:checking '/home/amirmahdi/Mothari_robotics/Robotic_prac2/robotic_course/install/robot_description/lib/pkgconfig/robot_description.pc'
[9.716s] Level 1:colcon.colcon_core.environment:checking '/home/amirmahdi/Mothari_robotics/Robotic_prac2/robotic_course/install/robot_description/lib/python3.10/site-packages'
[9.716s] Level 1:colcon.colcon_core.environment:checking '/home/amirmahdi/Mothari_robotics/Robotic_prac2/robotic_course/install/robot_description/bin'
[9.716s] INFO:colcon.colcon_core.shell:Creating package script '/home/amirmahdi/Mothari_robotics/Robotic_prac2/robotic_course/install/robot_description/share/robot_description/package.ps1'
[9.716s] INFO:colcon.colcon_core.shell:Creating package descriptor '/home/amirmahdi/Mothari_robotics/Robotic_prac2/robotic_course/install/robot_description/share/robot_description/package.dsv'
[9.716s] INFO:colcon.colcon_core.shell:Creating package script '/home/amirmahdi/Mothari_robotics/Robotic_prac2/robotic_course/install/robot_description/share/robot_description/package.sh'
[9.717s] INFO:colcon.colcon_core.shell:Creating package script '/home/amirmahdi/Mothari_robotics/Robotic_prac2/robotic_course/install/robot_description/share/robot_description/package.bash'
[9.717s] INFO:colcon.colcon_core.shell:Creating package script '/home/amirmahdi/Mothari_robotics/Robotic_prac2/robotic_course/install/robot_description/share/robot_description/package.zsh'
[9.717s] Level 1:colcon.colcon_core.environment:create_file_with_runtime_dependencies(/home/amirmahdi/Mothari_robotics/Robotic_prac2/robotic_course/install/robot_description/share/colcon-core/packages/robot_description)
[9.717s] Level 1:colcon.colcon_core.environment:create_environment_scripts_only(robot_description)
[9.717s] Level 1:colcon.colcon_core.environment:checking '/home/amirmahdi/Mothari_robotics/Robotic_prac2/robotic_course/install/robot_description' for CMake module files
[9.717s] Level 1:colcon.colcon_core.environment:checking '/home/amirmahdi/Mothari_robotics/Robotic_prac2/robotic_course/install/robot_description' for CMake config files
[9.718s] Level 1:colcon.colcon_core.shell:create_environment_hook('robot_description', 'cmake_prefix_path')
[9.718s] INFO:colcon.colcon_core.shell:Creating environment hook '/home/amirmahdi/Mothari_robotics/Robotic_prac2/robotic_course/install/robot_description/share/robot_description/hook/cmake_prefix_path.ps1'
[9.718s] INFO:colcon.colcon_core.shell:Creating environment descriptor '/home/amirmahdi/Mothari_robotics/Robotic_prac2/robotic_course/install/robot_description/share/robot_description/hook/cmake_prefix_path.dsv'
[9.718s] INFO:colcon.colcon_core.shell:Creating environment hook '/home/amirmahdi/Mothari_robotics/Robotic_prac2/robotic_course/install/robot_description/share/robot_description/hook/cmake_prefix_path.sh'
[9.718s] Level 1:colcon.colcon_core.environment:checking '/home/amirmahdi/Mothari_robotics/Robotic_prac2/robotic_course/install/robot_description/lib'
[9.718s] Level 1:colcon.colcon_core.environment:checking '/home/amirmahdi/Mothari_robotics/Robotic_prac2/robotic_course/install/robot_description/bin'
[9.718s] Level 1:colcon.colcon_core.environment:checking '/home/amirmahdi/Mothari_robotics/Robotic_prac2/robotic_course/install/robot_description/lib/pkgconfig/robot_description.pc'
[9.718s] Level 1:colcon.colcon_core.environment:checking '/home/amirmahdi/Mothari_robotics/Robotic_prac2/robotic_course/install/robot_description/lib/python3.10/site-packages'
[9.719s] Level 1:colcon.colcon_core.environment:checking '/home/amirmahdi/Mothari_robotics/Robotic_prac2/robotic_course/install/robot_description/bin'
[9.719s] INFO:colcon.colcon_core.shell:Creating package script '/home/amirmahdi/Mothari_robotics/Robotic_prac2/robotic_course/install/robot_description/share/robot_description/package.ps1'
[9.719s] INFO:colcon.colcon_core.shell:Creating package descriptor '/home/amirmahdi/Mothari_robotics/Robotic_prac2/robotic_course/install/robot_description/share/robot_description/package.dsv'
[9.719s] INFO:colcon.colcon_core.shell:Creating package script '/home/amirmahdi/Mothari_robotics/Robotic_prac2/robotic_course/install/robot_description/share/robot_description/package.sh'
[9.720s] INFO:colcon.colcon_core.shell:Creating package script '/home/amirmahdi/Mothari_robotics/Robotic_prac2/robotic_course/install/robot_description/share/robot_description/package.bash'
[9.720s] INFO:colcon.colcon_core.shell:Creating package script '/home/amirmahdi/Mothari_robotics/Robotic_prac2/robotic_course/install/robot_description/share/robot_description/package.zsh'
[9.720s] Level 1:colcon.colcon_core.environment:create_file_with_runtime_dependencies(/home/amirmahdi/Mothari_robotics/Robotic_prac2/robotic_course/install/robot_description/share/colcon-core/packages/robot_description)
[9.720s] DEBUG:colcon.colcon_parallel_executor.executor.parallel:closing loop
[9.720s] DEBUG:colcon.colcon_parallel_executor.executor.parallel:loop closed
[9.720s] DEBUG:colcon.colcon_parallel_executor.executor.parallel:run_until_complete finished with '0'
[9.720s] DEBUG:colcon.colcon_core.event_reactor:joining thread
[9.723s] INFO:colcon.colcon_core.plugin_system:Skipping extension 'colcon_notification.desktop_notification.terminal_notifier': Not used on non-Darwin systems
[9.723s] INFO:colcon.colcon_core.plugin_system:Skipping extension 'colcon_notification.desktop_notification.win32': Not used on non-Windows systems
[9.723s] INFO:colcon.colcon_notification.desktop_notification:Sending desktop notification using 'notify2'
[9.730s] DEBUG:colcon.colcon_core.event_reactor:joined thread
[9.730s] INFO:colcon.colcon_core.shell:Creating prefix script '/home/amirmahdi/Mothari_robotics/Robotic_prac2/robotic_course/install/local_setup.ps1'
[9.731s] INFO:colcon.colcon_core.shell:Creating prefix util module '/home/amirmahdi/Mothari_robotics/Robotic_prac2/robotic_course/install/_local_setup_util_ps1.py'
[9.732s] INFO:colcon.colcon_core.shell:Creating prefix chain script '/home/amirmahdi/Mothari_robotics/Robotic_prac2/robotic_course/install/setup.ps1'
[9.732s] INFO:colcon.colcon_core.shell:Creating prefix script '/home/amirmahdi/Mothari_robotics/Robotic_prac2/robotic_course/install/local_setup.sh'
[9.733s] INFO:colcon.colcon_core.shell:Creating prefix util module '/home/amirmahdi/Mothari_robotics/Robotic_prac2/robotic_course/install/_local_setup_util_sh.py'
[9.733s] INFO:colcon.colcon_core.shell:Creating prefix chain script '/home/amirmahdi/Mothari_robotics/Robotic_prac2/robotic_course/install/setup.sh'
[9.733s] INFO:colcon.colcon_core.shell:Creating prefix script '/home/amirmahdi/Mothari_robotics/Robotic_prac2/robotic_course/install/local_setup.bash'
[9.733s] INFO:colcon.colcon_core.shell:Creating prefix chain script '/home/amirmahdi/Mothari_robotics/Robotic_prac2/robotic_course/install/setup.bash'
[9.734s] INFO:colcon.colcon_core.shell:Creating prefix script '/home/amirmahdi/Mothari_robotics/Robotic_prac2/robotic_course/install/local_setup.zsh'
[9.734s] INFO:colcon.colcon_core.shell:Creating prefix chain script '/home/amirmahdi/Mothari_robotics/Robotic_prac2/robotic_course/install/setup.zsh'
