/home/amirmahdi/Mothari_robotics/Robotic_prac2/robotic_course/install/robot_local_localization/lib/python3.10/site-packages/robot_local_localization/ekf_node.py
/home/amirmahdi/Mothari_robotics/Robotic_prac2/robotic_course/install/robot_local_localization/lib/python3.10/site-packages/robot_local_localization/prediction_node.py
/home/amirmahdi/Mothari_robotics/Robotic_prac2/robotic_course/install/robot_local_localization/lib/python3.10/site-packages/robot_local_localization/measurement_node.py
/home/amirmahdi/Mothari_robotics/Robotic_prac2/robotic_course/install/robot_local_localization/lib/python3.10/site-packages/robot_local_localization/__init__.py
/home/amirmahdi/Mothari_robotics/Robotic_prac2/robotic_course/install/robot_local_localization/lib/python3.10/site-packages/robot_local_localization/__pycache__/ekf_node.cpython-310.pyc
/home/amirmahdi/Mothari_robotics/Robotic_prac2/robotic_course/install/robot_local_localization/lib/python3.10/site-packages/robot_local_localization/__pycache__/prediction_node.cpython-310.pyc
/home/amirmahdi/Mothari_robotics/Robotic_prac2/robotic_course/install/robot_local_localization/lib/python3.10/site-packages/robot_local_localization/__pycache__/measurement_node.cpython-310.pyc
/home/amirmahdi/Mothari_robotics/Robotic_prac2/robotic_course/install/robot_local_localization/lib/python3.10/site-packages/robot_local_localization/__pycache__/__init__.cpython-310.pyc
/home/amirmahdi/Mothari_robotics/Robotic_prac2/robotic_course/install/robot_local_localization/share/ament_index/resource_index/packages/robot_local_localization
/home/amirmahdi/Mothari_robotics/Robotic_prac2/robotic_course/install/robot_local_localization/share/robot_local_localization/package.xml
/home/amirmahdi/Mothari_robotics/Robotic_prac2/robotic_course/install/robot_local_localization/lib/python3.10/site-packages/robot_local_localization-0.0.0-py3.10.egg-info/SOURCES.txt
/home/amirmahdi/Mothari_robotics/Robotic_prac2/robotic_course/install/robot_local_localization/lib/python3.10/site-packages/robot_local_localization-0.0.0-py3.10.egg-info/dependency_links.txt
/home/amirmahdi/Mothari_robotics/Robotic_prac2/robotic_course/install/robot_local_localization/lib/python3.10/site-packages/robot_local_localization-0.0.0-py3.10.egg-info/PKG-INFO
/home/amirmahdi/Mothari_robotics/Robotic_prac2/robotic_course/install/robot_local_localization/lib/python3.10/site-packages/robot_local_localization-0.0.0-py3.10.egg-info/top_level.txt
/home/amirmahdi/Mothari_robotics/Robotic_prac2/robotic_course/install/robot_local_localization/lib/python3.10/site-packages/robot_local_localization-0.0.0-py3.10.egg-info/entry_points.txt
/home/amirmahdi/Mothari_robotics/Robotic_prac2/robotic_course/install/robot_local_localization/lib/python3.10/site-packages/robot_local_localization-0.0.0-py3.10.egg-info/requires.txt
/home/amirmahdi/Mothari_robotics/Robotic_prac2/robotic_course/install/robot_local_localization/lib/python3.10/site-packages/robot_local_localization-0.0.0-py3.10.egg-info/zip-safe
/home/amirmahdi/Mothari_robotics/Robotic_prac2/robotic_course/install/robot_local_localization/lib/robot_local_localization/ekf_node
/home/amirmahdi/Mothari_robotics/Robotic_prac2/robotic_course/install/robot_local_localization/lib/robot_local_localization/measurement_node
/home/amirmahdi/Mothari_robotics/Robotic_prac2/robotic_course/install/robot_local_localization/lib/robot_local_localization/prediction_node
