[0.005s] Invoking command in '/home/amirmahdi/Mothari_robotics/Robotic_prac2/robotic_course/build/robot_description': CMAKE_PREFIX_PATH=${CMAKE_PREFIX_PATH}:/opt/ros/humble /usr/bin/cmake /home/amirmahdi/Mothari_robotics/Robotic_prac2/robotic_course/robot_description -DCMAKE_INSTALL_PREFIX=/home/amirmahdi/Mothari_robotics/Robotic_prac2/robotic_course/install/robot_description
[0.046s] -- The C compiler identification is GNU 11.4.0
[0.087s] -- The CXX compiler identification is GNU 11.4.0
[0.091s] -- Detecting C compiler ABI info
[0.149s] -- Detecting C compiler ABI info - done
[0.154s] -- Check for working C compiler: /usr/bin/cc - skipped
[0.154s] -- Detecting C compile features
[0.154s] -- Detecting C compile features - done
[0.156s] -- Detecting CXX compiler ABI info
[0.219s] -- Detecting CXX compiler ABI info - done
[0.225s] -- Check for working CXX compiler: /usr/bin/c++ - skipped
[0.225s] -- Detecting CXX compile features
[0.226s] -- Detecting CXX compile features - done
[0.227s] -- Found ament_cmake: 1.3.12 (/opt/ros/humble/share/ament_cmake/cmake)
[0.332s] -- Found Python3: /usr/bin/python3 (found version "3.10.12") found components: Interpreter 
[0.383s] -- Found rclcpp: 16.0.15 (/opt/ros/humble/share/rclcpp/cmake)
[0.405s] -- Found rosidl_generator_c: 3.1.7 (/opt/ros/humble/share/rosidl_generator_c/cmake)
[0.407s] -- Found rosidl_adapter: 3.1.7 (/opt/ros/humble/share/rosidl_adapter/cmake)
[0.411s] -- Found rosidl_generator_cpp: 3.1.7 (/opt/ros/humble/share/rosidl_generator_cpp/cmake)
[0.417s] -- Using all available rosidl_typesupport_c: rosidl_typesupport_fastrtps_c;rosidl_typesupport_introspection_c
[0.425s] -- Using all available rosidl_typesupport_cpp: rosidl_typesupport_fastrtps_cpp;rosidl_typesupport_introspection_cpp
[0.446s] -- Found rmw_implementation_cmake: 6.1.2 (/opt/ros/humble/share/rmw_implementation_cmake/cmake)
[0.447s] -- Found rmw_fastrtps_cpp: 6.2.8 (/opt/ros/humble/share/rmw_fastrtps_cpp/cmake)
[0.505s] -- Found OpenSSL: /usr/lib/x86_64-linux-gnu/libcrypto.so (found version "3.0.2")  
[0.530s] -- Found FastRTPS: /opt/ros/humble/include  
[0.555s] -- Using RMW implementation 'rmw_fastrtps_cpp' as default
[0.559s] -- Looking for pthread.h
[0.624s] -- Looking for pthread.h - found
[0.624s] -- Performing Test CMAKE_HAVE_LIBC_PTHREAD
[0.692s] -- Performing Test CMAKE_HAVE_LIBC_PTHREAD - Success
[0.692s] -- Found Threads: TRUE  
[0.720s] -- Found sensor_msgs: 4.9.0 (/opt/ros/humble/share/sensor_msgs/cmake)
[0.736s] -- Found nav_msgs: 4.9.0 (/opt/ros/humble/share/nav_msgs/cmake)
[0.745s] -- Found std_srvs: 4.9.0 (/opt/ros/humble/share/std_srvs/cmake)
[0.750s] -- Found tf2: 0.25.16 (/opt/ros/humble/share/tf2/cmake)
[0.758s] -- Found tf2_ros: 0.25.16 (/opt/ros/humble/share/tf2_ros/cmake)
[0.804s] -- Found ament_lint_auto: 0.12.14 (/opt/ros/humble/share/ament_lint_auto/cmake)
[0.845s] -- Added test 'cppcheck' to perform static code analysis on C / C++ code
[0.845s] -- Configured cppcheck include dirs: 
[0.845s] -- Configured cppcheck exclude dirs and/or files: 
[0.845s] -- Added test 'flake8' to check Python code syntax and style conventions
[0.845s] -- Added test 'lint_cmake' to check CMake code style
[0.846s] -- Added test 'pep257' to check Python code against some of the docstring style conventions in PEP 257
[0.847s] -- Added test 'uncrustify' to check C / C++ code style
[0.847s] -- Configured uncrustify additional arguments: 
[0.847s] -- Added test 'xmllint' to check XML markup files
[0.847s] -- Configuring done
[0.856s] -- Generating done
[0.860s] -- Build files have been written to: /home/amirmahdi/Mothari_robotics/Robotic_prac2/robotic_course/build/robot_description
[0.867s] Invoked command in '/home/amirmahdi/Mothari_robotics/Robotic_prac2/robotic_course/build/robot_description' returned '0': CMAKE_PREFIX_PATH=${CMAKE_PREFIX_PATH}:/opt/ros/humble /usr/bin/cmake /home/amirmahdi/Mothari_robotics/Robotic_prac2/robotic_course/robot_description -DCMAKE_INSTALL_PREFIX=/home/amirmahdi/Mothari_robotics/Robotic_prac2/robotic_course/install/robot_description
[0.867s] Invoking command in '/home/amirmahdi/Mothari_robotics/Robotic_prac2/robotic_course/build/robot_description': CMAKE_PREFIX_PATH=${CMAKE_PREFIX_PATH}:/opt/ros/humble /usr/bin/cmake --build /home/amirmahdi/Mothari_robotics/Robotic_prac2/robotic_course/build/robot_description -- -j20 -l20
[0.900s] [ 16%] [32mBuilding CXX object CMakeFiles/frame_id_converter_node.dir/scripts/frame_id_converter.cpp.o[0m
[0.902s] [ 33%] [32mBuilding CXX object CMakeFiles/motor_command_node.dir/scripts/motor_command.cpp.o[0m
[0.902s] [ 50%] [32mBuilding CXX object CMakeFiles/ekf_diff_imu_node.dir/scripts/ekf_diff_imu.cpp.o[0m
[5.582s] [ 66%] [32m[1mLinking CXX executable frame_id_converter_node[0m
[5.617s] [ 83%] [32m[1mLinking CXX executable motor_command_node[0m
[5.820s] [ 83%] Built target frame_id_converter_node
[5.840s] [ 83%] Built target motor_command_node
[8.622s] [100%] [32m[1mLinking CXX executable ekf_diff_imu_node[0m
[8.993s] [100%] Built target ekf_diff_imu_node
[9.001s] Invoked command in '/home/amirmahdi/Mothari_robotics/Robotic_prac2/robotic_course/build/robot_description' returned '0': CMAKE_PREFIX_PATH=${CMAKE_PREFIX_PATH}:/opt/ros/humble /usr/bin/cmake --build /home/amirmahdi/Mothari_robotics/Robotic_prac2/robotic_course/build/robot_description -- -j20 -l20
[9.007s] Invoking command in '/home/amirmahdi/Mothari_robotics/Robotic_prac2/robotic_course/build/robot_description': CMAKE_PREFIX_PATH=${CMAKE_PREFIX_PATH}:/opt/ros/humble /usr/bin/cmake --install /home/amirmahdi/Mothari_robotics/Robotic_prac2/robotic_course/build/robot_description
[9.012s] -- Install configuration: ""
[9.012s] -- Installing: /home/amirmahdi/Mothari_robotics/Robotic_prac2/robotic_course/install/robot_description/share/robot_description/src
[9.012s] -- Installing: /home/amirmahdi/Mothari_robotics/Robotic_prac2/robotic_course/install/robot_description/share/robot_description/src/description
[9.012s] -- Installing: /home/amirmahdi/Mothari_robotics/Robotic_prac2/robotic_course/install/robot_description/share/robot_description/src/description/robot.urdf
[9.013s] -- Installing: /home/amirmahdi/Mothari_robotics/Robotic_prac2/robotic_course/install/robot_description/share/robot_description/src/meshes
[9.013s] -- Installing: /home/amirmahdi/Mothari_robotics/Robotic_prac2/robotic_course/install/robot_description/share/robot_description/src/meshes/wheel.usd
[9.013s] -- Installing: /home/amirmahdi/Mothari_robotics/Robotic_prac2/robotic_course/install/robot_description/share/robot_description/src/meshes/wheel.STL
[9.013s] -- Installing: /home/amirmahdi/Mothari_robotics/Robotic_prac2/robotic_course/install/robot_description/share/robot_description/src/meshes/chasis.STL
[9.024s] -- Installing: /home/amirmahdi/Mothari_robotics/Robotic_prac2/robotic_course/install/robot_description/share/robot_description/src/meshes/zed.STL
[9.025s] -- Installing: /home/amirmahdi/Mothari_robotics/Robotic_prac2/robotic_course/install/robot_description/share/robot_description/src/meshes/Rear_Right_Caster_Wheel_Main.STL
[9.025s] -- Installing: /home/amirmahdi/Mothari_robotics/Robotic_prac2/robotic_course/install/robot_description/share/robot_description/src/meshes/Front_Right_Caster_Wheel_Main.STL
[9.025s] -- Installing: /home/amirmahdi/Mothari_robotics/Robotic_prac2/robotic_course/install/robot_description/share/robot_description/src/meshes/Front_Left_Caster_Wheel_Main.STL
[9.025s] -- Installing: /home/amirmahdi/Mothari_robotics/Robotic_prac2/robotic_course/install/robot_description/share/robot_description/src/meshes/Rear_Left_Caster_Wheel_Main.STL
[9.025s] -- Installing: /home/amirmahdi/Mothari_robotics/Robotic_prac2/robotic_course/install/robot_description/share/robot_description/src/meshes/Rear_Trailing.STL
[9.027s] -- Installing: /home/amirmahdi/Mothari_robotics/Robotic_prac2/robotic_course/install/robot_description/share/robot_description/launch
[9.027s] -- Installing: /home/amirmahdi/Mothari_robotics/Robotic_prac2/robotic_course/install/robot_description/share/robot_description/launch/display.launch.py
[9.027s] -- Installing: /home/amirmahdi/Mothari_robotics/Robotic_prac2/robotic_course/install/robot_description/share/robot_description/launch/gazebo.launch.py
[9.027s] -- Installing: /home/amirmahdi/Mothari_robotics/Robotic_prac2/robotic_course/install/robot_description/share/robot_description/rviz
[9.027s] -- Installing: /home/amirmahdi/Mothari_robotics/Robotic_prac2/robotic_course/install/robot_description/share/robot_description/rviz/config.rviz
[9.027s] -- Installing: /home/amirmahdi/Mothari_robotics/Robotic_prac2/robotic_course/install/robot_description/share/robot_description/config
[9.027s] -- Installing: /home/amirmahdi/Mothari_robotics/Robotic_prac2/robotic_course/install/robot_description/share/robot_description/config/gz_bridge.yaml
[9.027s] -- Installing: /home/amirmahdi/Mothari_robotics/Robotic_prac2/robotic_course/install/robot_description/share/robot_description/config/rtabmap_slam.yaml
[9.027s] -- Installing: /home/amirmahdi/Mothari_robotics/Robotic_prac2/robotic_course/install/robot_description/share/robot_description/world
[9.027s] -- Installing: /home/amirmahdi/Mothari_robotics/Robotic_prac2/robotic_course/install/robot_description/share/robot_description/world/depot.sdf
[9.027s] -- Installing: /home/amirmahdi/Mothari_robotics/Robotic_prac2/robotic_course/install/robot_description/share/robot_description/world/test.sdf
[9.027s] -- Installing: /home/amirmahdi/Mothari_robotics/Robotic_prac2/robotic_course/install/robot_description/share/robot_description/scripts
[9.027s] -- Installing: /home/amirmahdi/Mothari_robotics/Robotic_prac2/robotic_course/install/robot_description/share/robot_description/scripts/motor_command.cpp
[9.027s] -- Installing: /home/amirmahdi/Mothari_robotics/Robotic_prac2/robotic_course/install/robot_description/share/robot_description/scripts/ekf_diff_imu.cpp
[9.027s] -- Installing: /home/amirmahdi/Mothari_robotics/Robotic_prac2/robotic_course/install/robot_description/share/robot_description/scripts/frame_id_converter.cpp
[9.027s] -- Installing: /home/amirmahdi/Mothari_robotics/Robotic_prac2/robotic_course/install/robot_description/lib/robot_description/frame_id_converter_node
[9.029s] -- Set runtime path of "/home/amirmahdi/Mothari_robotics/Robotic_prac2/robotic_course/install/robot_description/lib/robot_description/frame_id_converter_node" to ""
[9.029s] -- Installing: /home/amirmahdi/Mothari_robotics/Robotic_prac2/robotic_course/install/robot_description/lib/robot_description/ekf_diff_imu_node
[9.031s] -- Set runtime path of "/home/amirmahdi/Mothari_robotics/Robotic_prac2/robotic_course/install/robot_description/lib/robot_description/ekf_diff_imu_node" to ""
[9.031s] -- Installing: /home/amirmahdi/Mothari_robotics/Robotic_prac2/robotic_course/install/robot_description/lib/robot_description/motor_command_node
[9.033s] -- Set runtime path of "/home/amirmahdi/Mothari_robotics/Robotic_prac2/robotic_course/install/robot_description/lib/robot_description/motor_command_node" to ""
[9.033s] -- Installing: /home/amirmahdi/Mothari_robotics/Robotic_prac2/robotic_course/install/robot_description/share/ament_index/resource_index/package_run_dependencies/robot_description
[9.033s] -- Installing: /home/amirmahdi/Mothari_robotics/Robotic_prac2/robotic_course/install/robot_description/share/ament_index/resource_index/parent_prefix_path/robot_description
[9.033s] -- Installing: /home/amirmahdi/Mothari_robotics/Robotic_prac2/robotic_course/install/robot_description/share/robot_description/environment/ament_prefix_path.sh
[9.033s] -- Installing: /home/amirmahdi/Mothari_robotics/Robotic_prac2/robotic_course/install/robot_description/share/robot_description/environment/ament_prefix_path.dsv
[9.033s] -- Installing: /home/amirmahdi/Mothari_robotics/Robotic_prac2/robotic_course/install/robot_description/share/robot_description/environment/path.sh
[9.033s] -- Installing: /home/amirmahdi/Mothari_robotics/Robotic_prac2/robotic_course/install/robot_description/share/robot_description/environment/path.dsv
[9.033s] -- Installing: /home/amirmahdi/Mothari_robotics/Robotic_prac2/robotic_course/install/robot_description/share/robot_description/local_setup.bash
[9.033s] -- Installing: /home/amirmahdi/Mothari_robotics/Robotic_prac2/robotic_course/install/robot_description/share/robot_description/local_setup.sh
[9.033s] -- Installing: /home/amirmahdi/Mothari_robotics/Robotic_prac2/robotic_course/install/robot_description/share/robot_description/local_setup.zsh
[9.033s] -- Installing: /home/amirmahdi/Mothari_robotics/Robotic_prac2/robotic_course/install/robot_description/share/robot_description/local_setup.dsv
[9.033s] -- Installing: /home/amirmahdi/Mothari_robotics/Robotic_prac2/robotic_course/install/robot_description/share/robot_description/package.dsv
[9.033s] -- Installing: /home/amirmahdi/Mothari_robotics/Robotic_prac2/robotic_course/install/robot_description/share/ament_index/resource_index/packages/robot_description
[9.034s] -- Installing: /home/amirmahdi/Mothari_robotics/Robotic_prac2/robotic_course/install/robot_description/share/robot_description/cmake/robot_descriptionConfig.cmake
[9.034s] -- Installing: /home/amirmahdi/Mothari_robotics/Robotic_prac2/robotic_course/install/robot_description/share/robot_description/cmake/robot_descriptionConfig-version.cmake
[9.034s] -- Installing: /home/amirmahdi/Mothari_robotics/Robotic_prac2/robotic_course/install/robot_description/share/robot_description/package.xml
[9.035s] Invoked command in '/home/amirmahdi/Mothari_robotics/Robotic_prac2/robotic_course/build/robot_description' returned '0': CMAKE_PREFIX_PATH=${CMAKE_PREFIX_PATH}:/opt/ros/humble /usr/bin/cmake --install /home/amirmahdi/Mothari_robotics/Robotic_prac2/robotic_course/build/robot_description
